;  LST file generated by mikroListExporter - v.2.0 
; Date/Time: 08/06/2016 19:24:10
;----------------------------------------------

;Address Opcode 	ASM
0x0000	0xF002EFE5  	GOTO        1482
0x0004	0x0000      	NOP
0x0006	0x0000      	NOP
0x0008	0xF000EF00  	GOTO        0
0x000C	0x0000      	NOP
0x000E	0x0000      	NOP
0x0010	0x0000      	NOP
0x0012	0x0000      	NOP
0x0014	0x0000      	NOP
0x0016	0x0000      	NOP
0x0018	0xD7F3      	BRA         0
_Delay_5500us:
;__Lib_Delays.c,31 :: 		void Delay_5500us() {
;__Lib_Delays.c,32 :: 		Delay_us(5500);
0x001C	0x0E56      	MOVLW       86
0x001E	0x6E0C      	MOVWF       R12, 0
0x0020	0x0EB5      	MOVLW       181
0x0022	0x6E0D      	MOVWF       R13, 0
L_Delay_5500us6:
0x0024	0x2E0D      	DECFSZ      R13, 1, 0
0x0026	0xD7FE      	BRA         L_Delay_5500us6
0x0028	0x2E0C      	DECFSZ      R12, 1, 0
0x002A	0xD7FC      	BRA         L_Delay_5500us6
0x002C	0x0000      	NOP
0x002E	0x0000      	NOP
;__Lib_Delays.c,33 :: 		}
L_end_Delay_5500us:
0x0030	0x0012      	RETURN      0
; end of _Delay_5500us
_Delay_50us:
;__Lib_Delays.c,19 :: 		void Delay_50us() {
;__Lib_Delays.c,20 :: 		Delay_us(50);
0x0032	0x0EC7      	MOVLW       199
0x0034	0x6E0D      	MOVWF       R13, 0
L_Delay_50us3:
0x0036	0x2E0D      	DECFSZ      R13, 1, 0
0x0038	0xD7FE      	BRA         L_Delay_50us3
0x003A	0x0000      	NOP
0x003C	0x0000      	NOP
;__Lib_Delays.c,21 :: 		}
L_end_Delay_50us:
0x003E	0x0012      	RETURN      0
; end of _Delay_50us
_Delay_1us:
;__Lib_Delays.c,7 :: 		void Delay_1us() {
;__Lib_Delays.c,8 :: 		Delay_us(1);
0x0040	0x0E03      	MOVLW       3
0x0042	0x6E0D      	MOVWF       R13, 0
L_Delay_1us0:
0x0044	0x2E0D      	DECFSZ      R13, 1, 0
0x0046	0xD7FE      	BRA         L_Delay_1us0
0x0048	0x0000      	NOP
0x004A	0x0000      	NOP
;__Lib_Delays.c,9 :: 		}
L_end_Delay_1us:
0x004C	0x0012      	RETURN      0
; end of _Delay_1us
_Lcd_Cmd:
;__Lib_Lcd.c,18 :: 		
;__Lib_Lcd.c,20 :: 		
0x004E	0x0101      	MOVLB       1
0x0050	0xBF49      	BTFSC       FARG_Lcd_Cmd_out_char, 7, 1
0x0052	0xD002      	BRA         L__Lcd_Cmd21
0x0054	0x9E81      	BCF         LCD_D7, BitPos(LCD_D7+0) 
0x0056	0xD001      	BRA         L__Lcd_Cmd22
L__Lcd_Cmd21:
0x0058	0x8E81      	BSF         LCD_D7, BitPos(LCD_D7+0) 
L__Lcd_Cmd22:
;__Lib_Lcd.c,21 :: 		
0x005A	0xBD49      	BTFSC       FARG_Lcd_Cmd_out_char, 6, 1
0x005C	0xD002      	BRA         L__Lcd_Cmd23
0x005E	0x9C81      	BCF         LCD_D6, BitPos(LCD_D6+0) 
0x0060	0xD001      	BRA         L__Lcd_Cmd24
L__Lcd_Cmd23:
0x0062	0x8C81      	BSF         LCD_D6, BitPos(LCD_D6+0) 
L__Lcd_Cmd24:
;__Lib_Lcd.c,22 :: 		
0x0064	0xBB49      	BTFSC       FARG_Lcd_Cmd_out_char, 5, 1
0x0066	0xD002      	BRA         L__Lcd_Cmd25
0x0068	0x9A81      	BCF         LCD_D5, BitPos(LCD_D5+0) 
0x006A	0xD001      	BRA         L__Lcd_Cmd26
L__Lcd_Cmd25:
0x006C	0x8A81      	BSF         LCD_D5, BitPos(LCD_D5+0) 
L__Lcd_Cmd26:
;__Lib_Lcd.c,23 :: 		
0x006E	0xB949      	BTFSC       FARG_Lcd_Cmd_out_char, 4, 1
0x0070	0xD002      	BRA         L__Lcd_Cmd27
0x0072	0x9881      	BCF         LCD_D4, BitPos(LCD_D4+0) 
0x0074	0xD001      	BRA         L__Lcd_Cmd28
L__Lcd_Cmd27:
0x0076	0x8881      	BSF         LCD_D4, BitPos(LCD_D4+0) 
L__Lcd_Cmd28:
;__Lib_Lcd.c,25 :: 		
0x0078	0xB129      	BTFSC       __Lib_Lcd_cmd_status, BitPos(__Lib_Lcd_cmd_status+0), 1
0x007A	0xD002      	BRA         L__Lcd_Cmd29
0x007C	0x8481      	BSF         LCD_RS, BitPos(LCD_RS+0) 
0x007E	0xD001      	BRA         L__Lcd_Cmd30
L__Lcd_Cmd29:
0x0080	0x9481      	BCF         LCD_RS, BitPos(LCD_RS+0) 
L__Lcd_Cmd30:
;__Lib_Lcd.c,28 :: 		
0x0082	0x8681      	BSF         LCD_EN, BitPos(LCD_EN+0) 
;__Lib_Lcd.c,29 :: 		
0x0084	0xDFDD      	RCALL       _Delay_1us
;__Lib_Lcd.c,30 :: 		
0x0086	0x9681      	BCF         LCD_EN, BitPos(LCD_EN+0) 
;__Lib_Lcd.c,33 :: 		
0x0088	0xB749      	BTFSC       FARG_Lcd_Cmd_out_char, 3, 1
0x008A	0xD002      	BRA         L__Lcd_Cmd31
0x008C	0x9E81      	BCF         LCD_D7, BitPos(LCD_D7+0) 
0x008E	0xD001      	BRA         L__Lcd_Cmd32
L__Lcd_Cmd31:
0x0090	0x8E81      	BSF         LCD_D7, BitPos(LCD_D7+0) 
L__Lcd_Cmd32:
;__Lib_Lcd.c,34 :: 		
0x0092	0xB549      	BTFSC       FARG_Lcd_Cmd_out_char, 2, 1
0x0094	0xD002      	BRA         L__Lcd_Cmd33
0x0096	0x9C81      	BCF         LCD_D6, BitPos(LCD_D6+0) 
0x0098	0xD001      	BRA         L__Lcd_Cmd34
L__Lcd_Cmd33:
0x009A	0x8C81      	BSF         LCD_D6, BitPos(LCD_D6+0) 
L__Lcd_Cmd34:
;__Lib_Lcd.c,35 :: 		
0x009C	0xB349      	BTFSC       FARG_Lcd_Cmd_out_char, 1, 1
0x009E	0xD002      	BRA         L__Lcd_Cmd35
0x00A0	0x9A81      	BCF         LCD_D5, BitPos(LCD_D5+0) 
0x00A2	0xD001      	BRA         L__Lcd_Cmd36
L__Lcd_Cmd35:
0x00A4	0x8A81      	BSF         LCD_D5, BitPos(LCD_D5+0) 
L__Lcd_Cmd36:
;__Lib_Lcd.c,36 :: 		
0x00A6	0xB149      	BTFSC       FARG_Lcd_Cmd_out_char, 0, 1
0x00A8	0xD002      	BRA         L__Lcd_Cmd37
0x00AA	0x9881      	BCF         LCD_D4, BitPos(LCD_D4+0) 
0x00AC	0xD001      	BRA         L__Lcd_Cmd38
L__Lcd_Cmd37:
0x00AE	0x8881      	BSF         LCD_D4, BitPos(LCD_D4+0) 
L__Lcd_Cmd38:
;__Lib_Lcd.c,38 :: 		
0x00B0	0xB129      	BTFSC       __Lib_Lcd_cmd_status, BitPos(__Lib_Lcd_cmd_status+0), 1
0x00B2	0xD002      	BRA         L__Lcd_Cmd39
0x00B4	0x8481      	BSF         LCD_RS, BitPos(LCD_RS+0) 
0x00B6	0xD001      	BRA         L__Lcd_Cmd40
L__Lcd_Cmd39:
0x00B8	0x9481      	BCF         LCD_RS, BitPos(LCD_RS+0) 
L__Lcd_Cmd40:
;__Lib_Lcd.c,40 :: 		
0x00BA	0x8681      	BSF         LCD_EN, BitPos(LCD_EN+0) 
;__Lib_Lcd.c,41 :: 		
0x00BC	0xDFC1      	RCALL       _Delay_1us
;__Lib_Lcd.c,42 :: 		
0x00BE	0x9681      	BCF         LCD_EN, BitPos(LCD_EN+0) 
;__Lib_Lcd.c,44 :: 		
0x00C0	0xA129      	BTFSS       __Lib_Lcd_cmd_status, BitPos(__Lib_Lcd_cmd_status+0), 1
0x00C2	0xD002      	BRA         L_Lcd_Cmd0
;__Lib_Lcd.c,45 :: 		
0x00C4	0xDFAB      	RCALL       _Delay_5500us
0x00C6	0xD001      	BRA         L_Lcd_Cmd1
L_Lcd_Cmd0:
;__Lib_Lcd.c,47 :: 		
0x00C8	0xDFB4      	RCALL       _Delay_50us
L_Lcd_Cmd1:
;__Lib_Lcd.c,48 :: 		
L_end_Lcd_Cmd:
0x00CA	0x0012      	RETURN      0
; end of _Lcd_Cmd
_Lcd_Chr_CP:
;__Lib_Lcd.c,50 :: 		
;__Lib_Lcd.c,52 :: 		
0x00CC	0x0101      	MOVLB       1
0x00CE	0x9129      	BCF         __Lib_Lcd_cmd_status, BitPos(__Lib_Lcd_cmd_status+0), 1
;__Lib_Lcd.c,53 :: 		
0x00D0	0xF149C148  	MOVFF       FARG_Lcd_Chr_CP_out_char, FARG_Lcd_Cmd_out_char
0x00D4	0xDFBC      	RCALL       _Lcd_Cmd
;__Lib_Lcd.c,54 :: 		
0x00D6	0x8129      	BSF         __Lib_Lcd_cmd_status, BitPos(__Lib_Lcd_cmd_status+0), 1
;__Lib_Lcd.c,55 :: 		
L_end_Lcd_Chr_CP:
0x00D8	0x0012      	RETURN      0
; end of _Lcd_Chr_CP
_Lcd_Out:
;__Lib_Lcd.c,184 :: 		
;__Lib_Lcd.c,187 :: 		
0x00DA	0xD010      	BRA         L_Lcd_Out11
;__Lib_Lcd.c,188 :: 		
L_Lcd_Out13:
0x00DC	0x0E80      	MOVLW       128
0x00DE	0x0101      	MOVLB       1
0x00E0	0x6F43      	MOVWF       FARG_Lcd_Out_row, 1
0x00E2	0xD01A      	BRA         L_Lcd_Out12
;__Lib_Lcd.c,189 :: 		
L_Lcd_Out14:
0x00E4	0x0EC0      	MOVLW       192
0x00E6	0x6F43      	MOVWF       FARG_Lcd_Out_row, 1
0x00E8	0xD017      	BRA         L_Lcd_Out12
;__Lib_Lcd.c,190 :: 		
L_Lcd_Out15:
0x00EA	0x0E94      	MOVLW       148
0x00EC	0x6F43      	MOVWF       FARG_Lcd_Out_row, 1
0x00EE	0xD014      	BRA         L_Lcd_Out12
;__Lib_Lcd.c,191 :: 		
L_Lcd_Out16:
0x00F0	0x0ED4      	MOVLW       212
0x00F2	0x6F43      	MOVWF       FARG_Lcd_Out_row, 1
0x00F4	0xD011      	BRA         L_Lcd_Out12
;__Lib_Lcd.c,192 :: 		
L_Lcd_Out17:
0x00F6	0x0E80      	MOVLW       128
0x00F8	0x6F43      	MOVWF       FARG_Lcd_Out_row, 1
;__Lib_Lcd.c,193 :: 		
0x00FA	0xD00E      	BRA         L_Lcd_Out12
L_Lcd_Out11:
0x00FC	0x0101      	MOVLB       1
0x00FE	0x5143      	MOVF        FARG_Lcd_Out_row, 0, 1
0x0100	0x0A01      	XORLW       1
0x0102	0xE0EC      	BZ          L_Lcd_Out13
0x0104	0x5143      	MOVF        FARG_Lcd_Out_row, 0, 1
0x0106	0x0A02      	XORLW       2
0x0108	0xE0ED      	BZ          L_Lcd_Out14
0x010A	0x5143      	MOVF        FARG_Lcd_Out_row, 0, 1
0x010C	0x0A03      	XORLW       3
0x010E	0xE0ED      	BZ          L_Lcd_Out15
0x0110	0x5143      	MOVF        FARG_Lcd_Out_row, 0, 1
0x0112	0x0A04      	XORLW       4
0x0114	0xE0ED      	BZ          L_Lcd_Out16
0x0116	0xD7EF      	BRA         L_Lcd_Out17
L_Lcd_Out12:
;__Lib_Lcd.c,194 :: 		
0x0118	0x0544      	DECF        FARG_Lcd_Out_column, 0, 1
0x011A	0x6E00      	MOVWF       R0 
0x011C	0x5143      	MOVF        FARG_Lcd_Out_row, 0, 1
0x011E	0x2600      	ADDWF       R0, 1 
0x0120	0xF143C000  	MOVFF       R0, FARG_Lcd_Out_row
;__Lib_Lcd.c,196 :: 		
0x0124	0xF149C000  	MOVFF       R0, FARG_Lcd_Cmd_out_char
0x0128	0xDF92      	RCALL       _Lcd_Cmd
;__Lib_Lcd.c,197 :: 		
0x012A	0x9129      	BCF         __Lib_Lcd_cmd_status, BitPos(__Lib_Lcd_cmd_status+0), 1
;__Lib_Lcd.c,198 :: 		
0x012C	0x6B47      	CLRF        Lcd_Out_i_L0, 1
;__Lib_Lcd.c,199 :: 		
L_Lcd_Out18:
0x012E	0x5147      	MOVF        Lcd_Out_i_L0, 0, 1
0x0130	0x2545      	ADDWF       FARG_Lcd_Out_text, 0, 1
0x0132	0x6EE9      	MOVWF       FSR0L 
0x0134	0x0E00      	MOVLW       0
0x0136	0x2146      	ADDWFC      FARG_Lcd_Out_text+1, 0, 1
0x0138	0x6EEA      	MOVWF       FSR0H 
0x013A	0x52EE      	MOVF        POSTINC0, 1 
0x013C	0xE00B      	BZ          L_Lcd_Out19
;__Lib_Lcd.c,200 :: 		
0x013E	0x5147      	MOVF        Lcd_Out_i_L0, 0, 1
0x0140	0x2545      	ADDWF       FARG_Lcd_Out_text, 0, 1
0x0142	0x6EE9      	MOVWF       FSR0L 
0x0144	0x0E00      	MOVLW       0
0x0146	0x2146      	ADDWFC      FARG_Lcd_Out_text+1, 0, 1
0x0148	0x6EEA      	MOVWF       FSR0H 
0x014A	0xF148CFEE  	MOVFF       POSTINC0, FARG_Lcd_Chr_CP_out_char
0x014E	0xDFBE      	RCALL       _Lcd_Chr_CP
0x0150	0x2B47      	INCF        Lcd_Out_i_L0, 1, 1
0x0152	0xD7ED      	BRA         L_Lcd_Out18
L_Lcd_Out19:
;__Lib_Lcd.c,201 :: 		
0x0154	0x8129      	BSF         __Lib_Lcd_cmd_status, BitPos(__Lib_Lcd_cmd_status+0), 1
;__Lib_Lcd.c,202 :: 		
L_end_Lcd_Out:
0x0156	0x0012      	RETURN      0
; end of _Lcd_Out
_Keypad_Key_Press:
;__Lib_Keypad4x4.c,38 :: 		
;__Lib_Keypad4x4.c,42 :: 		
0x0158	0x0101      	MOVLB       1
0x015A	0x6B3E      	CLRF        Keypad_Key_Press_rslt_L0, 1
;__Lib_Keypad4x4.c,43 :: 		
0x015C	0x6B40      	CLRF        Keypad_Key_Press_loc_L0, 1
;__Lib_Keypad4x4.c,44 :: 		
0x015E	0x6B41      	CLRF        Keypad_Key_Press_rowcnt_L0, 1
;__Lib_Keypad4x4.c,45 :: 		
0x0160	0x0E10      	MOVLW       16
0x0162	0x6F42      	MOVWF       Keypad_Key_Press_shifter_L0, 1
;__Lib_Keypad4x4.c,47 :: 		
L_Keypad_Key_Press0:
0x0164	0x0E04      	MOVLW       4
0x0166	0x5D41      	SUBWF       Keypad_Key_Press_rowcnt_L0, 0, 1
0x0168	0xE21D      	BC          L_Keypad_Key_Press1
;__Lib_Keypad4x4.c,49 :: 		
0x016A	0x0EF0      	MOVLW       240
0x016C	0x6E83      	MOVWF       keypadPort 
;__Lib_Keypad4x4.c,50 :: 		
0x016E	0x1D42      	COMF        Keypad_Key_Press_shifter_L0, 0, 1
0x0170	0x6E95      	MOVWF       keypadPort+18 
;__Lib_Keypad4x4.c,54 :: 		
0x0172	0xDF66      	RCALL       _Delay_1us
;__Lib_Keypad4x4.c,55 :: 		
0x0174	0xDF65      	RCALL       _Delay_1us
;__Lib_Keypad4x4.c,56 :: 		
0x0176	0x0E0F      	MOVLW       15
0x0178	0x1483      	ANDWF       keypadPort, 0 
0x017A	0x6E00      	MOVWF       R0 
0x017C	0xF13FC000  	MOVFF       R0, Keypad_Key_Press_kdata_L0
;__Lib_Keypad4x4.c,57 :: 		
0x0180	0x5200      	MOVF        R0, 1 
0x0182	0xE00A      	BZ          L_Keypad_Key_Press2
;__Lib_Keypad4x4.c,59 :: 		
0x0184	0xF13EC140  	MOVFF       Keypad_Key_Press_loc_L0, Keypad_Key_Press_rslt_L0
;__Lib_Keypad4x4.c,60 :: 		
L_Keypad_Key_Press3:
0x0188	0x533F      	MOVF        Keypad_Key_Press_kdata_L0, 1, 1
0x018A	0xE004      	BZ          L_Keypad_Key_Press4
;__Lib_Keypad4x4.c,61 :: 		
0x018C	0x333F      	RRCF        Keypad_Key_Press_kdata_L0, 1, 1
0x018E	0x9F3F      	BCF         Keypad_Key_Press_kdata_L0, 7, 1
;__Lib_Keypad4x4.c,62 :: 		
0x0190	0x2B3E      	INCF        Keypad_Key_Press_rslt_L0, 1, 1
;__Lib_Keypad4x4.c,63 :: 		
0x0192	0xD7FA      	BRA         L_Keypad_Key_Press3
L_Keypad_Key_Press4:
;__Lib_Keypad4x4.c,65 :: 		
0x0194	0x0E04      	MOVLW       4
0x0196	0x6F41      	MOVWF       Keypad_Key_Press_rowcnt_L0, 1
;__Lib_Keypad4x4.c,66 :: 		
L_Keypad_Key_Press2:
;__Lib_Keypad4x4.c,67 :: 		
0x0198	0x3742      	RLCF        Keypad_Key_Press_shifter_L0, 1, 1
0x019A	0x9142      	BCF         Keypad_Key_Press_shifter_L0, 0, 1
;__Lib_Keypad4x4.c,68 :: 		
0x019C	0x0E04      	MOVLW       4
0x019E	0x2740      	ADDWF       Keypad_Key_Press_loc_L0, 1, 1
;__Lib_Keypad4x4.c,69 :: 		
0x01A0	0x2B41      	INCF        Keypad_Key_Press_rowcnt_L0, 1, 1
;__Lib_Keypad4x4.c,70 :: 		
0x01A2	0xD7E0      	BRA         L_Keypad_Key_Press0
L_Keypad_Key_Press1:
;__Lib_Keypad4x4.c,72 :: 		
0x01A4	0xF000C13E  	MOVFF       Keypad_Key_Press_rslt_L0, R0
;__Lib_Keypad4x4.c,73 :: 		
L_end_Keypad_Key_Press:
0x01A8	0x0012      	RETURN      0
; end of _Keypad_Key_Press
_Delay_10us:
;__Lib_Delays.c,11 :: 		void Delay_10us() {
;__Lib_Delays.c,12 :: 		Delay_us(10);
0x01AA	0x0E27      	MOVLW       39
0x01AC	0x6E0D      	MOVWF       R13, 0
L_Delay_10us1:
0x01AE	0x2E0D      	DECFSZ      R13, 1, 0
0x01B0	0xD7FE      	BRA         L_Delay_10us1
0x01B2	0x0000      	NOP
0x01B4	0x0000      	NOP
;__Lib_Delays.c,13 :: 		}
L_end_Delay_10us:
0x01B6	0x0012      	RETURN      0
; end of _Delay_10us
_pedido:
;FastWaiter.c,41 :: 		void pedido ()
;FastWaiter.c,43 :: 		lcd_out(1,1, "Digite o Numero");
0x01B8	0x0E01      	MOVLW       1
0x01BA	0x0101      	MOVLB       1
0x01BC	0x6F43      	MOVWF       FARG_Lcd_Out_row, 1
0x01BE	0x0E01      	MOVLW       1
0x01C0	0x6F44      	MOVWF       FARG_Lcd_Out_column, 1
0x01C2	0x0E7B      	MOVLW       ?lstr1_FastWaiter
0x01C4	0x6F45      	MOVWF       FARG_Lcd_Out_text, 1
0x01C6	0x0E00      	MOVLW       hi_addr(?lstr1_FastWaiter)
0x01C8	0x6F46      	MOVWF       FARG_Lcd_Out_text+1, 1
0x01CA	0xDF87      	RCALL       _Lcd_Out
;FastWaiter.c,44 :: 		lcd_out(2,1, "Do Pedido:");
0x01CC	0x0E02      	MOVLW       2
0x01CE	0x6F43      	MOVWF       FARG_Lcd_Out_row, 1
0x01D0	0x0E01      	MOVLW       1
0x01D2	0x6F44      	MOVWF       FARG_Lcd_Out_column, 1
0x01D4	0x0E8B      	MOVLW       ?lstr2_FastWaiter
0x01D6	0x6F45      	MOVWF       FARG_Lcd_Out_text, 1
0x01D8	0x0E00      	MOVLW       hi_addr(?lstr2_FastWaiter)
0x01DA	0x6F46      	MOVWF       FARG_Lcd_Out_text+1, 1
0x01DC	0xDF7E      	RCALL       _Lcd_Out
;FastWaiter.c,45 :: 		}
L_end_pedido:
0x01DE	0x0012      	RETURN      0
; end of _pedido
_UART1_Write:
;__Lib_UART_c67.c,58 :: 		
;__Lib_UART_c67.c,59 :: 		
L_UART1_Write3:
0x01E0	0xB2AC      	BTFSC       TXSTA, 1 
0x01E2	0xD002      	BRA         L_UART1_Write4
;__Lib_UART_c67.c,60 :: 		
0x01E4	0x0000      	NOP
0x01E6	0xD7FC      	BRA         L_UART1_Write3
L_UART1_Write4:
;__Lib_UART_c67.c,61 :: 		
0x01E8	0xFFADC13E  	MOVFF       FARG_UART1_Write_data_, TXREG
;__Lib_UART_c67.c,62 :: 		
L_end_UART1_Write:
0x01EC	0x0012      	RETURN      0
; end of _UART1_Write
_teclaauxiliar:
;FastWaiter.c,57 :: 		void teclaauxiliar()
;FastWaiter.c,59 :: 		if(kp == 'B')
0x01EE	0x0101      	MOVLB       1
0x01F0	0x5128      	MOVF        _kp, 0, 1
0x01F2	0x0A42      	XORLW       66
0x01F4	0xE12E      	BNZ         L_teclaauxiliar2
;FastWaiter.c,61 :: 		kp=0;
0x01F6	0x6B28      	CLRF        _kp, 1
;FastWaiter.c,62 :: 		pos=0;
0x01F8	0x0100      	MOVLB       0
0x01FA	0x6B7A      	CLRF        _pos, 1
;FastWaiter.c,63 :: 		i=0;
0x01FC	0x6BB8      	CLRF        _i, 1
;FastWaiter.c,64 :: 		lcd_cmd(_lcd_clear);
0x01FE	0x0E01      	MOVLW       1
0x0200	0x0101      	MOVLB       1
0x0202	0x6F49      	MOVWF       FARG_Lcd_Cmd_out_char, 1
0x0204	0xDF24      	RCALL       _Lcd_Cmd
;FastWaiter.c,65 :: 		lcd_cmd (_LCD_RETURN_HOME);
0x0206	0x0E02      	MOVLW       2
0x0208	0x6F49      	MOVWF       FARG_Lcd_Cmd_out_char, 1
0x020A	0xDF21      	RCALL       _Lcd_Cmd
;FastWaiter.c,66 :: 		lcd_out(1,1, "    Chamando    ");
0x020C	0x0E01      	MOVLW       1
0x020E	0x6F43      	MOVWF       FARG_Lcd_Out_row, 1
0x0210	0x0E01      	MOVLW       1
0x0212	0x6F44      	MOVWF       FARG_Lcd_Out_column, 1
0x0214	0x0EB9      	MOVLW       ?lstr5_FastWaiter
0x0216	0x6F45      	MOVWF       FARG_Lcd_Out_text, 1
0x0218	0x0E00      	MOVLW       hi_addr(?lstr5_FastWaiter)
0x021A	0x6F46      	MOVWF       FARG_Lcd_Out_text+1, 1
0x021C	0xDF5E      	RCALL       _Lcd_Out
;FastWaiter.c,67 :: 		lcd_out(2,1, "     Garçon     ");
0x021E	0x0E02      	MOVLW       2
0x0220	0x6F43      	MOVWF       FARG_Lcd_Out_row, 1
0x0222	0x0E01      	MOVLW       1
0x0224	0x6F44      	MOVWF       FARG_Lcd_Out_column, 1
0x0226	0x0E96      	MOVLW       ?lstr6_FastWaiter
0x0228	0x6F45      	MOVWF       FARG_Lcd_Out_text, 1
0x022A	0x0E00      	MOVLW       hi_addr(?lstr6_FastWaiter)
0x022C	0x6F46      	MOVWF       FARG_Lcd_Out_text+1, 1
0x022E	0xDF55      	RCALL       _Lcd_Out
;FastWaiter.c,68 :: 		delay_ms(1300);
0x0230	0x0E50      	MOVLW       80
0x0232	0x6E0B      	MOVWF       R11, 0
0x0234	0x0E24      	MOVLW       36
0x0236	0x6E0C      	MOVWF       R12, 0
0x0238	0x0E86      	MOVLW       134
0x023A	0x6E0D      	MOVWF       R13, 0
L_teclaauxiliar3:
0x023C	0x2E0D      	DECFSZ      R13, 1, 0
0x023E	0xD7FE      	BRA         L_teclaauxiliar3
0x0240	0x2E0C      	DECFSZ      R12, 1, 0
0x0242	0xD7FC      	BRA         L_teclaauxiliar3
0x0244	0x2E0B      	DECFSZ      R11, 1, 0
0x0246	0xD7FA      	BRA         L_teclaauxiliar3
0x0248	0x0000      	NOP
;FastWaiter.c,69 :: 		lcd_cmd(_lcd_clear);
0x024A	0x0E01      	MOVLW       1
0x024C	0x6F49      	MOVWF       FARG_Lcd_Cmd_out_char, 1
0x024E	0xDEFF      	RCALL       _Lcd_Cmd
;FastWaiter.c,70 :: 		pedido();
0x0250	0xDFB3      	RCALL       _pedido
;FastWaiter.c,71 :: 		}
L_teclaauxiliar2:
;FastWaiter.c,72 :: 		if (kp == 'D')
0x0252	0x5128      	MOVF        _kp, 0, 1
0x0254	0x0A44      	XORLW       68
0x0256	0xE12E      	BNZ         L_teclaauxiliar4
;FastWaiter.c,74 :: 		kp=0;
0x0258	0x6B28      	CLRF        _kp, 1
;FastWaiter.c,75 :: 		pos=0;
0x025A	0x0100      	MOVLB       0
0x025C	0x6B7A      	CLRF        _pos, 1
;FastWaiter.c,76 :: 		i=0;
0x025E	0x6BB8      	CLRF        _i, 1
;FastWaiter.c,77 :: 		lcd_cmd(_lcd_clear);
0x0260	0x0E01      	MOVLW       1
0x0262	0x0101      	MOVLB       1
0x0264	0x6F49      	MOVWF       FARG_Lcd_Cmd_out_char, 1
0x0266	0xDEF3      	RCALL       _Lcd_Cmd
;FastWaiter.c,78 :: 		lcd_out(1,1, "     Conta      ");
0x0268	0x0E01      	MOVLW       1
0x026A	0x6F43      	MOVWF       FARG_Lcd_Out_row, 1
0x026C	0x0E01      	MOVLW       1
0x026E	0x6F44      	MOVWF       FARG_Lcd_Out_column, 1
0x0270	0x0EA7      	MOVLW       ?lstr7_FastWaiter
0x0272	0x6F45      	MOVWF       FARG_Lcd_Out_text, 1
0x0274	0x0E00      	MOVLW       hi_addr(?lstr7_FastWaiter)
0x0276	0x6F46      	MOVWF       FARG_Lcd_Out_text+1, 1
0x0278	0xDF30      	RCALL       _Lcd_Out
;FastWaiter.c,79 :: 		lcd_out(2,1, "    Enviada     ");
0x027A	0x0E02      	MOVLW       2
0x027C	0x6F43      	MOVWF       FARG_Lcd_Out_row, 1
0x027E	0x0E01      	MOVLW       1
0x0280	0x6F44      	MOVWF       FARG_Lcd_Out_column, 1
0x0282	0x0E32      	MOVLW       ?lstr8_FastWaiter
0x0284	0x6F45      	MOVWF       FARG_Lcd_Out_text, 1
0x0286	0x0E00      	MOVLW       hi_addr(?lstr8_FastWaiter)
0x0288	0x6F46      	MOVWF       FARG_Lcd_Out_text+1, 1
0x028A	0xDF27      	RCALL       _Lcd_Out
;FastWaiter.c,80 :: 		delay_ms(1300);
0x028C	0x0E50      	MOVLW       80
0x028E	0x6E0B      	MOVWF       R11, 0
0x0290	0x0E24      	MOVLW       36
0x0292	0x6E0C      	MOVWF       R12, 0
0x0294	0x0E86      	MOVLW       134
0x0296	0x6E0D      	MOVWF       R13, 0
L_teclaauxiliar5:
0x0298	0x2E0D      	DECFSZ      R13, 1, 0
0x029A	0xD7FE      	BRA         L_teclaauxiliar5
0x029C	0x2E0C      	DECFSZ      R12, 1, 0
0x029E	0xD7FC      	BRA         L_teclaauxiliar5
0x02A0	0x2E0B      	DECFSZ      R11, 1, 0
0x02A2	0xD7FA      	BRA         L_teclaauxiliar5
0x02A4	0x0000      	NOP
;FastWaiter.c,81 :: 		lcd_cmd(_lcd_clear);
0x02A6	0x0E01      	MOVLW       1
0x02A8	0x6F49      	MOVWF       FARG_Lcd_Cmd_out_char, 1
0x02AA	0xDED1      	RCALL       _Lcd_Cmd
;FastWaiter.c,82 :: 		lcd_cmd (_LCD_RETURN_HOME);
0x02AC	0x0E02      	MOVLW       2
0x02AE	0x6F49      	MOVWF       FARG_Lcd_Cmd_out_char, 1
0x02B0	0xDECE      	RCALL       _Lcd_Cmd
;FastWaiter.c,83 :: 		pedido();
0x02B2	0xDF82      	RCALL       _pedido
;FastWaiter.c,84 :: 		}
L_teclaauxiliar4:
;FastWaiter.c,85 :: 		if(kp == 'C')              // Tecla limpar
0x02B4	0x5128      	MOVF        _kp, 0, 1
0x02B6	0x0A43      	XORLW       67
0x02B8	0xE10A      	BNZ         L_teclaauxiliar6
;FastWaiter.c,87 :: 		lcd_cmd(_lcd_clear);
0x02BA	0x0E01      	MOVLW       1
0x02BC	0x6F49      	MOVWF       FARG_Lcd_Cmd_out_char, 1
0x02BE	0xDEC7      	RCALL       _Lcd_Cmd
;FastWaiter.c,88 :: 		lcd_cmd (_LCD_RETURN_HOME);
0x02C0	0x0E02      	MOVLW       2
0x02C2	0x6F49      	MOVWF       FARG_Lcd_Cmd_out_char, 1
0x02C4	0xDEC4      	RCALL       _Lcd_Cmd
;FastWaiter.c,89 :: 		kp=0;
0x02C6	0x6B28      	CLRF        _kp, 1
;FastWaiter.c,90 :: 		pos=0;
0x02C8	0x0100      	MOVLB       0
0x02CA	0x6B7A      	CLRF        _pos, 1
;FastWaiter.c,91 :: 		pedido();
0x02CC	0xDF75      	RCALL       _pedido
;FastWaiter.c,92 :: 		}
L_teclaauxiliar6:
;FastWaiter.c,93 :: 		}
L_end_teclaauxiliar:
0x02CE	0x0012      	RETURN      0
; end of _teclaauxiliar
_UART1_Write_Text:
;__Lib_UART_c67.c,66 :: 		
;__Lib_UART_c67.c,67 :: 		
0x02D0	0x0101      	MOVLB       1
0x02D2	0x6B3D      	CLRF        UART1_Write_Text_counter_L0, 1
;__Lib_UART_c67.c,69 :: 		
0x02D4	0xFFE9C13A  	MOVFF       FARG_UART1_Write_Text_uart_text, FSR0L
0x02D8	0xFFEAC13B  	MOVFF       FARG_UART1_Write_Text_uart_text+1, FSR0H
0x02DC	0xF13CCFEE  	MOVFF       POSTINC0, UART1_Write_Text_data__L0
;__Lib_UART_c67.c,70 :: 		
L_UART1_Write_Text5:
0x02E0	0x513C      	MOVF        UART1_Write_Text_data__L0, 0, 1
0x02E2	0x0A00      	XORLW       0
0x02E4	0xE00E      	BZ          L_UART1_Write_Text6
;__Lib_UART_c67.c,71 :: 		
0x02E6	0xF13EC13C  	MOVFF       UART1_Write_Text_data__L0, FARG_UART1_Write_data_
0x02EA	0xDF7A      	RCALL       _UART1_Write
;__Lib_UART_c67.c,72 :: 		
0x02EC	0x0101      	MOVLB       1
0x02EE	0x2B3D      	INCF        UART1_Write_Text_counter_L0, 1, 1
;__Lib_UART_c67.c,73 :: 		
0x02F0	0x513D      	MOVF        UART1_Write_Text_counter_L0, 0, 1
0x02F2	0x253A      	ADDWF       FARG_UART1_Write_Text_uart_text, 0, 1
0x02F4	0x6EE9      	MOVWF       FSR0L 
0x02F6	0x0E00      	MOVLW       0
0x02F8	0x213B      	ADDWFC      FARG_UART1_Write_Text_uart_text+1, 0, 1
0x02FA	0x6EEA      	MOVWF       FSR0H 
0x02FC	0xF13CCFEE  	MOVFF       POSTINC0, UART1_Write_Text_data__L0
;__Lib_UART_c67.c,74 :: 		
0x0300	0xD7EF      	BRA         L_UART1_Write_Text5
L_UART1_Write_Text6:
;__Lib_UART_c67.c,75 :: 		
L_end_UART1_Write_Text:
0x0302	0x0012      	RETURN      0
; end of _UART1_Write_Text
_Keypad_Key_Click:
;__Lib_Keypad4x4.c,76 :: 		
;__Lib_Keypad4x4.c,80 :: 		
0x0304	0xDF29      	RCALL       _Keypad_Key_Press
0x0306	0xF13AC000  	MOVFF       R0, Keypad_Key_Click_rslt_L0
;__Lib_Keypad4x4.c,82 :: 		
L_Keypad_Key_Click5:
0x030A	0x0E0F      	MOVLW       15
0x030C	0x1483      	ANDWF       keypadPort, 0 
0x030E	0x6E00      	MOVWF       R0 
0x0310	0xE002      	BZ          L_Keypad_Key_Click6
;__Lib_Keypad4x4.c,83 :: 		
0x0312	0xDF4B      	RCALL       _Delay_10us
0x0314	0xD7FA      	BRA         L_Keypad_Key_Click5
L_Keypad_Key_Click6:
;__Lib_Keypad4x4.c,85 :: 		
0x0316	0xF000C13A  	MOVFF       Keypad_Key_Click_rslt_L0, R0
;__Lib_Keypad4x4.c,86 :: 		
L_end_Keypad_Key_Click:
0x031A	0x0012      	RETURN      0
; end of _Keypad_Key_Click
_UART1_Init:
;__Lib_UART_c67.c,15 :: 		
;__Lib_UART_c67.c,18 :: 		
0x031C	0x0EE0      	MOVLW       _UART1_Write
0x031E	0x0101      	MOVLB       1
0x0320	0x6F32      	MOVWF       _UART_Wr_Ptr, 1
0x0322	0x0E01      	MOVLW       hi_addr(_UART1_Write)
0x0324	0x6F33      	MOVWF       _UART_Wr_Ptr+1, 1
0x0326	0x0E3E      	MOVLW       FARG_UART1_Write_data_
0x0328	0x6F34      	MOVWF       _UART_Wr_Ptr+2, 1
0x032A	0x0E01      	MOVLW       hi_addr(FARG_UART1_Write_data_)
0x032C	0x6F35      	MOVWF       _UART_Wr_Ptr+3, 1
;__Lib_UART_c67.c,19 :: 		
0x032E	0x0EFF      	MOVLW       _UART1_Read
0x0330	0x6F36      	MOVWF       _UART_Rd_Ptr, 1
0x0332	0x0EFF      	MOVLW       hi_addr(_UART1_Read)
0x0334	0x6F37      	MOVWF       _UART_Rd_Ptr+1, 1
0x0336	0x0E00      	MOVLW       0
0x0338	0x6F38      	MOVWF       _UART_Rd_Ptr+2, 1
0x033A	0x0E00      	MOVLW       0
0x033C	0x6F39      	MOVWF       _UART_Rd_Ptr+3, 1
;__Lib_UART_c67.c,20 :: 		
0x033E	0x0EFF      	MOVLW       _UART1_Data_Ready
0x0340	0x6F2A      	MOVWF       _UART_Rdy_Ptr, 1
0x0342	0x0EFF      	MOVLW       hi_addr(_UART1_Data_Ready)
0x0344	0x6F2B      	MOVWF       _UART_Rdy_Ptr+1, 1
0x0346	0x0E00      	MOVLW       0
0x0348	0x6F2C      	MOVWF       _UART_Rdy_Ptr+2, 1
0x034A	0x0E00      	MOVLW       0
0x034C	0x6F2D      	MOVWF       _UART_Rdy_Ptr+3, 1
;__Lib_UART_c67.c,21 :: 		
0x034E	0x0EFF      	MOVLW       _UART1_Tx_Idle
0x0350	0x6F2E      	MOVWF       _UART_Tx_Idle_Ptr, 1
0x0352	0x0EFF      	MOVLW       hi_addr(_UART1_Tx_Idle)
0x0354	0x6F2F      	MOVWF       _UART_Tx_Idle_Ptr+1, 1
0x0356	0x0E00      	MOVLW       0
0x0358	0x6F30      	MOVWF       _UART_Tx_Idle_Ptr+2, 1
0x035A	0x0E00      	MOVLW       0
0x035C	0x6F31      	MOVWF       _UART_Tx_Idle_Ptr+3, 1
;__Lib_UART_c67.c,23 :: 		
0x035E	0x8AAC      	BSF         TXSTA, 5 
;__Lib_UART_c67.c,24 :: 		
0x0360	0x0E90      	MOVLW       144
0x0362	0x6EAB      	MOVWF       RCSTA 
;__Lib_UART_c67.c,25 :: 		
0x0364	0x8E94      	BSF         TRISC7_bit, BitPos(TRISC7_bit+0) 
;__Lib_UART_c67.c,26 :: 		
0x0366	0x9C94      	BCF         TRISC6_bit, BitPos(TRISC6_bit+0) 
;__Lib_UART_c67.c,28 :: 		
L_UART1_Init0:
0x0368	0xAA9E      	BTFSS       PIR1, 5 
0x036A	0xD003      	BRA         L_UART1_Init1
;__Lib_UART_c67.c,29 :: 		
0x036C	0xF000CFAE  	MOVFF       RCREG, R0
0x0370	0xD7FB      	BRA         L_UART1_Init0
L_UART1_Init1:
;__Lib_UART_c67.c,30 :: 		
L_end_UART1_Init:
0x0372	0x0012      	RETURN      0
; end of _UART1_Init
_Lcd_Init:
;__Lib_Lcd.c,84 :: 		
;__Lib_Lcd.c,86 :: 		
0x0374	0x9693      	BCF         LCD_EN_Direction, BitPos(LCD_EN_Direction+0) 
;__Lib_Lcd.c,87 :: 		
0x0376	0x9493      	BCF         LCD_RS_Direction, BitPos(LCD_RS_Direction+0) 
;__Lib_Lcd.c,88 :: 		
0x0378	0x9893      	BCF         LCD_D4_Direction, BitPos(LCD_D4_Direction+0) 
;__Lib_Lcd.c,89 :: 		
0x037A	0x9A93      	BCF         LCD_D5_Direction, BitPos(LCD_D5_Direction+0) 
;__Lib_Lcd.c,90 :: 		
0x037C	0x9C93      	BCF         LCD_D6_Direction, BitPos(LCD_D6_Direction+0) 
;__Lib_Lcd.c,91 :: 		
0x037E	0x9E93      	BCF         LCD_D7_Direction, BitPos(LCD_D7_Direction+0) 
;__Lib_Lcd.c,93 :: 		
0x0380	0x9681      	BCF         LCD_EN, BitPos(LCD_EN+0) 
;__Lib_Lcd.c,94 :: 		
0x0382	0x9481      	BCF         LCD_RS, BitPos(LCD_RS+0) 
;__Lib_Lcd.c,95 :: 		
0x0384	0x9E81      	BCF         LCD_D7, BitPos(LCD_D7+0) 
;__Lib_Lcd.c,96 :: 		
0x0386	0x9C81      	BCF         LCD_D6, BitPos(LCD_D6+0) 
;__Lib_Lcd.c,97 :: 		
0x0388	0x9A81      	BCF         LCD_D5, BitPos(LCD_D5+0) 
;__Lib_Lcd.c,98 :: 		
0x038A	0x9881      	BCF         LCD_D4, BitPos(LCD_D4+0) 
;__Lib_Lcd.c,100 :: 		
0x038C	0xDE47      	RCALL       _Delay_5500us
;__Lib_Lcd.c,101 :: 		
0x038E	0xDE46      	RCALL       _Delay_5500us
;__Lib_Lcd.c,102 :: 		
0x0390	0xDE45      	RCALL       _Delay_5500us
;__Lib_Lcd.c,105 :: 		
0x0392	0x8A81      	BSF         LCD_D5, BitPos(LCD_D5+0) 
;__Lib_Lcd.c,106 :: 		
0x0394	0x8881      	BSF         LCD_D4, BitPos(LCD_D4+0) 
;__Lib_Lcd.c,107 :: 		
0x0396	0x8681      	BSF         LCD_EN, BitPos(LCD_EN+0) 
;__Lib_Lcd.c,108 :: 		
0x0398	0xDE53      	RCALL       _Delay_1us
;__Lib_Lcd.c,109 :: 		
0x039A	0x9681      	BCF         LCD_EN, BitPos(LCD_EN+0) 
;__Lib_Lcd.c,110 :: 		
0x039C	0xDE3F      	RCALL       _Delay_5500us
;__Lib_Lcd.c,112 :: 		
0x039E	0x8681      	BSF         LCD_EN, BitPos(LCD_EN+0) 
;__Lib_Lcd.c,113 :: 		
0x03A0	0xDE4F      	RCALL       _Delay_1us
;__Lib_Lcd.c,114 :: 		
0x03A2	0x9681      	BCF         LCD_EN, BitPos(LCD_EN+0) 
;__Lib_Lcd.c,115 :: 		
0x03A4	0xDE3B      	RCALL       _Delay_5500us
;__Lib_Lcd.c,117 :: 		
0x03A6	0x8681      	BSF         LCD_EN, BitPos(LCD_EN+0) 
;__Lib_Lcd.c,118 :: 		
0x03A8	0xDE4B      	RCALL       _Delay_1us
;__Lib_Lcd.c,119 :: 		
0x03AA	0x9681      	BCF         LCD_EN, BitPos(LCD_EN+0) 
;__Lib_Lcd.c,120 :: 		
0x03AC	0xDE37      	RCALL       _Delay_5500us
;__Lib_Lcd.c,123 :: 		
0x03AE	0x9881      	BCF         LCD_D4, BitPos(LCD_D4+0) 
;__Lib_Lcd.c,124 :: 		
0x03B0	0x8681      	BSF         LCD_EN, BitPos(LCD_EN+0) 
;__Lib_Lcd.c,125 :: 		
0x03B2	0xDE46      	RCALL       _Delay_1us
;__Lib_Lcd.c,126 :: 		
0x03B4	0x9681      	BCF         LCD_EN, BitPos(LCD_EN+0) 
;__Lib_Lcd.c,127 :: 		
0x03B6	0xDE32      	RCALL       _Delay_5500us
;__Lib_Lcd.c,130 :: 		
0x03B8	0x8681      	BSF         LCD_EN, BitPos(LCD_EN+0) 
;__Lib_Lcd.c,131 :: 		
0x03BA	0xDE42      	RCALL       _Delay_1us
;__Lib_Lcd.c,132 :: 		
0x03BC	0x9681      	BCF         LCD_EN, BitPos(LCD_EN+0) 
;__Lib_Lcd.c,134 :: 		
0x03BE	0x9A81      	BCF         LCD_D5, BitPos(LCD_D5+0) 
;__Lib_Lcd.c,135 :: 		
0x03C0	0x8E81      	BSF         LCD_D7, BitPos(LCD_D7+0) 
;__Lib_Lcd.c,136 :: 		
0x03C2	0x8681      	BSF         LCD_EN, BitPos(LCD_EN+0) 
;__Lib_Lcd.c,137 :: 		
0x03C4	0xDE3D      	RCALL       _Delay_1us
;__Lib_Lcd.c,138 :: 		
0x03C6	0x9681      	BCF         LCD_EN, BitPos(LCD_EN+0) 
;__Lib_Lcd.c,139 :: 		
0x03C8	0xDE29      	RCALL       _Delay_5500us
;__Lib_Lcd.c,142 :: 		
0x03CA	0x9E81      	BCF         LCD_D7, BitPos(LCD_D7+0) 
;__Lib_Lcd.c,143 :: 		
0x03CC	0x8881      	BSF         LCD_D4, BitPos(LCD_D4+0) 
;__Lib_Lcd.c,144 :: 		
0x03CE	0x8681      	BSF         LCD_EN, BitPos(LCD_EN+0) 
;__Lib_Lcd.c,145 :: 		
0x03D0	0xDE37      	RCALL       _Delay_1us
;__Lib_Lcd.c,146 :: 		
0x03D2	0x9681      	BCF         LCD_EN, BitPos(LCD_EN+0) 
;__Lib_Lcd.c,148 :: 		
0x03D4	0x9881      	BCF         LCD_D4, BitPos(LCD_D4+0) 
;__Lib_Lcd.c,149 :: 		
0x03D6	0x8681      	BSF         LCD_EN, BitPos(LCD_EN+0) 
;__Lib_Lcd.c,150 :: 		
0x03D8	0xDE33      	RCALL       _Delay_1us
;__Lib_Lcd.c,151 :: 		
0x03DA	0x9681      	BCF         LCD_EN, BitPos(LCD_EN+0) 
;__Lib_Lcd.c,152 :: 		
0x03DC	0xDE1F      	RCALL       _Delay_5500us
;__Lib_Lcd.c,155 :: 		
0x03DE	0x8681      	BSF         LCD_EN, BitPos(LCD_EN+0) 
;__Lib_Lcd.c,156 :: 		
0x03E0	0xDE2F      	RCALL       _Delay_1us
;__Lib_Lcd.c,157 :: 		
0x03E2	0x9681      	BCF         LCD_EN, BitPos(LCD_EN+0) 
;__Lib_Lcd.c,159 :: 		
0x03E4	0x8881      	BSF         LCD_D4, BitPos(LCD_D4+0) 
;__Lib_Lcd.c,160 :: 		
0x03E6	0x8681      	BSF         LCD_EN, BitPos(LCD_EN+0) 
;__Lib_Lcd.c,161 :: 		
0x03E8	0xDE2B      	RCALL       _Delay_1us
;__Lib_Lcd.c,162 :: 		
0x03EA	0x9681      	BCF         LCD_EN, BitPos(LCD_EN+0) 
;__Lib_Lcd.c,163 :: 		
0x03EC	0xDE17      	RCALL       _Delay_5500us
;__Lib_Lcd.c,166 :: 		
0x03EE	0x9881      	BCF         LCD_D4, BitPos(LCD_D4+0) 
;__Lib_Lcd.c,167 :: 		
0x03F0	0x8681      	BSF         LCD_EN, BitPos(LCD_EN+0) 
;__Lib_Lcd.c,168 :: 		
0x03F2	0xDE26      	RCALL       _Delay_1us
;__Lib_Lcd.c,169 :: 		
0x03F4	0x9681      	BCF         LCD_EN, BitPos(LCD_EN+0) 
;__Lib_Lcd.c,171 :: 		
0x03F6	0x8E81      	BSF         LCD_D7, BitPos(LCD_D7+0) 
;__Lib_Lcd.c,172 :: 		
0x03F8	0x8C81      	BSF         LCD_D6, BitPos(LCD_D6+0) 
;__Lib_Lcd.c,173 :: 		
0x03FA	0x8A81      	BSF         LCD_D5, BitPos(LCD_D5+0) 
;__Lib_Lcd.c,174 :: 		
0x03FC	0x8881      	BSF         LCD_D4, BitPos(LCD_D4+0) 
;__Lib_Lcd.c,175 :: 		
0x03FE	0x8681      	BSF         LCD_EN, BitPos(LCD_EN+0) 
;__Lib_Lcd.c,176 :: 		
0x0400	0xDE1F      	RCALL       _Delay_1us
;__Lib_Lcd.c,177 :: 		
0x0402	0x9681      	BCF         LCD_EN, BitPos(LCD_EN+0) 
;__Lib_Lcd.c,179 :: 		
0x0404	0xDE0B      	RCALL       _Delay_5500us
;__Lib_Lcd.c,181 :: 		
0x0406	0x0101      	MOVLB       1
0x0408	0x8129      	BSF         __Lib_Lcd_cmd_status, BitPos(__Lib_Lcd_cmd_status+0), 1
;__Lib_Lcd.c,182 :: 		
L_end_Lcd_Init:
0x040A	0x0012      	RETURN      0
; end of _Lcd_Init
___CC2DW:
;__Lib_System.c,21 :: 		
;__Lib_System.c,23 :: 		
_CC2DL_Loop1:
;__Lib_System.c,24 :: 		
0x040C	0x0009      	TBLRD*+
;__Lib_System.c,25 :: 		
0x040E	0xFFE6CFF5  	MOVFF       TABLAT, POSTINC1
;__Lib_System.c,26 :: 		
0x0412	0x0600      	DECF        R0, 1, 0
;__Lib_System.c,27 :: 		
0x0414	0xE1FB      	BNZ         _CC2DL_Loop1
;__Lib_System.c,28 :: 		
0x0416	0x0601      	DECF        R1, 1, 0
;__Lib_System.c,29 :: 		
0x0418	0xE1F9      	BNZ         _CC2DL_Loop1
;__Lib_System.c,31 :: 		
L_end___CC2DW:
0x041A	0x0012      	RETURN      0
; end of ___CC2DW
_Keypad_Init:
;__Lib_Keypad4x4.c,33 :: 		
;__Lib_Keypad4x4.c,34 :: 		
0x041C	0x0EFF      	MOVLW       255
0x041E	0x6E95      	MOVWF       keypadPort+18 
;__Lib_Keypad4x4.c,35 :: 		
L_end_Keypad_Init:
0x0420	0x0012      	RETURN      0
; end of _Keypad_Init
_quantidade:
;FastWaiter.c,46 :: 		void quantidade ()
;FastWaiter.c,48 :: 		lcd_out(1,1, "Digite a");
0x0422	0x0E01      	MOVLW       1
0x0424	0x0101      	MOVLB       1
0x0426	0x6F43      	MOVWF       FARG_Lcd_Out_row, 1
0x0428	0x0E01      	MOVLW       1
0x042A	0x6F44      	MOVWF       FARG_Lcd_Out_column, 1
0x042C	0x0E08      	MOVLW       ?lstr3_FastWaiter
0x042E	0x6F45      	MOVWF       FARG_Lcd_Out_text, 1
0x0430	0x0E01      	MOVLW       hi_addr(?lstr3_FastWaiter)
0x0432	0x6F46      	MOVWF       FARG_Lcd_Out_text+1, 1
0x0434	0xDE52      	RCALL       _Lcd_Out
;FastWaiter.c,49 :: 		lcd_out(2,1, "quantidade:");
0x0436	0x0E02      	MOVLW       2
0x0438	0x6F43      	MOVWF       FARG_Lcd_Out_row, 1
0x043A	0x0E01      	MOVLW       1
0x043C	0x6F44      	MOVWF       FARG_Lcd_Out_column, 1
0x043E	0x0E11      	MOVLW       ?lstr4_FastWaiter
0x0440	0x6F45      	MOVWF       FARG_Lcd_Out_text, 1
0x0442	0x0E01      	MOVLW       hi_addr(?lstr4_FastWaiter)
0x0444	0x6F46      	MOVWF       FARG_Lcd_Out_text+1, 1
0x0446	0xDE49      	RCALL       _Lcd_Out
;FastWaiter.c,50 :: 		}
L_end_quantidade:
0x0448	0x0012      	RETURN      0
; end of _quantidade
_EnviarPedido:
;FastWaiter.c,143 :: 		void EnviarPedido()
;FastWaiter.c,145 :: 		UART1_Write_Text("<?xml version=\"1.0\" ");
0x044A	0x0E43      	MOVLW       ?lstr9_FastWaiter
0x044C	0x0101      	MOVLB       1
0x044E	0x6F3A      	MOVWF       FARG_UART1_Write_Text_uart_text, 1
0x0450	0x0E00      	MOVLW       hi_addr(?lstr9_FastWaiter)
0x0452	0x6F3B      	MOVWF       FARG_UART1_Write_Text_uart_text+1, 1
0x0454	0xDF3D      	RCALL       _UART1_Write_Text
;FastWaiter.c,146 :: 		UART1_Write_Text("encoding=\"utf-8\"?>");
0x0456	0x0E15      	MOVLW       ?lstr10_FastWaiter
0x0458	0x6F3A      	MOVWF       FARG_UART1_Write_Text_uart_text, 1
0x045A	0x0E00      	MOVLW       hi_addr(?lstr10_FastWaiter)
0x045C	0x6F3B      	MOVWF       FARG_UART1_Write_Text_uart_text+1, 1
0x045E	0xDF38      	RCALL       _UART1_Write_Text
;FastWaiter.c,147 :: 		UART1_Write_Text("<Request>");
0x0460	0x0E28      	MOVLW       ?lstr11_FastWaiter
0x0462	0x6F3A      	MOVWF       FARG_UART1_Write_Text_uart_text, 1
0x0464	0x0E00      	MOVLW       hi_addr(?lstr11_FastWaiter)
0x0466	0x6F3B      	MOVWF       FARG_UART1_Write_Text_uart_text+1, 1
0x0468	0xDF33      	RCALL       _UART1_Write_Text
;FastWaiter.c,148 :: 		UART1_Write_Text("<ID>0</ID>");
0x046A	0x0E65      	MOVLW       ?lstr12_FastWaiter
0x046C	0x6F3A      	MOVWF       FARG_UART1_Write_Text_uart_text, 1
0x046E	0x0E00      	MOVLW       hi_addr(?lstr12_FastWaiter)
0x0470	0x6F3B      	MOVWF       FARG_UART1_Write_Text_uart_text+1, 1
0x0472	0xDF2E      	RCALL       _UART1_Write_Text
;FastWaiter.c,149 :: 		UART1_Write_Text("<TableID>");
0x0474	0x0E70      	MOVLW       ?lstr13_FastWaiter
0x0476	0x6F3A      	MOVWF       FARG_UART1_Write_Text_uart_text, 1
0x0478	0x0E00      	MOVLW       hi_addr(?lstr13_FastWaiter)
0x047A	0x6F3B      	MOVWF       FARG_UART1_Write_Text_uart_text+1, 1
0x047C	0xDF29      	RCALL       _UART1_Write_Text
;FastWaiter.c,150 :: 		UART1_Write_Text(MYID);
0x047E	0x0E58      	MOVLW       ?lstr14_FastWaiter
0x0480	0x6F3A      	MOVWF       FARG_UART1_Write_Text_uart_text, 1
0x0482	0x0E00      	MOVLW       hi_addr(?lstr14_FastWaiter)
0x0484	0x6F3B      	MOVWF       FARG_UART1_Write_Text_uart_text+1, 1
0x0486	0xDF24      	RCALL       _UART1_Write_Text
;FastWaiter.c,151 :: 		UART1_Write_Text("</TableID>");
0x0488	0x0E5A      	MOVLW       ?lstr15_FastWaiter
0x048A	0x6F3A      	MOVWF       FARG_UART1_Write_Text_uart_text, 1
0x048C	0x0E00      	MOVLW       hi_addr(?lstr15_FastWaiter)
0x048E	0x6F3B      	MOVWF       FARG_UART1_Write_Text_uart_text+1, 1
0x0490	0xDF1F      	RCALL       _UART1_Write_Text
;FastWaiter.c,152 :: 		UART1_Write_Text("<ItemID>");
0x0492	0x0EFE      	MOVLW       ?lstr16_FastWaiter
0x0494	0x6F3A      	MOVWF       FARG_UART1_Write_Text_uart_text, 1
0x0496	0x0E00      	MOVLW       hi_addr(?lstr16_FastWaiter)
0x0498	0x6F3B      	MOVWF       FARG_UART1_Write_Text_uart_text+1, 1
0x049A	0xDF1A      	RCALL       _UART1_Write_Text
;FastWaiter.c,153 :: 		UART1_Write_Text(num);
0x049C	0xF13AC107  	MOVFF       _num, FARG_UART1_Write_Text_uart_text
0x04A0	0x0E00      	MOVLW       0
0x04A2	0xBF07      	BTFSC       _num, 7, 1
0x04A4	0x0EFF      	MOVLW       255
0x04A6	0x6F3B      	MOVWF       FARG_UART1_Write_Text_uart_text+1, 1
0x04A8	0xDF13      	RCALL       _UART1_Write_Text
;FastWaiter.c,154 :: 		UART1_Write_Text("</ItemID>");
0x04AA	0x0EEB      	MOVLW       ?lstr17_FastWaiter
0x04AC	0x6F3A      	MOVWF       FARG_UART1_Write_Text_uart_text, 1
0x04AE	0x0E00      	MOVLW       hi_addr(?lstr17_FastWaiter)
0x04B0	0x6F3B      	MOVWF       FARG_UART1_Write_Text_uart_text+1, 1
0x04B2	0xDF0E      	RCALL       _UART1_Write_Text
;FastWaiter.c,155 :: 		UART1_Write_Text("<Amount>");
0x04B4	0x0EF5      	MOVLW       ?lstr18_FastWaiter
0x04B6	0x6F3A      	MOVWF       FARG_UART1_Write_Text_uart_text, 1
0x04B8	0x0E00      	MOVLW       hi_addr(?lstr18_FastWaiter)
0x04BA	0x6F3B      	MOVWF       FARG_UART1_Write_Text_uart_text+1, 1
0x04BC	0xDF09      	RCALL       _UART1_Write_Text
;FastWaiter.c,156 :: 		UART1_Write_Text(qtd);
0x04BE	0xF13AC11D  	MOVFF       _qtd, FARG_UART1_Write_Text_uart_text
0x04C2	0x0E00      	MOVLW       0
0x04C4	0xBF1D      	BTFSC       _qtd, 7, 1
0x04C6	0x0EFF      	MOVLW       255
0x04C8	0x6F3B      	MOVWF       FARG_UART1_Write_Text_uart_text+1, 1
0x04CA	0xDF02      	RCALL       _UART1_Write_Text
;FastWaiter.c,157 :: 		UART1_Write_Text("</Amount>");
0x04CC	0x0E1E      	MOVLW       ?lstr19_FastWaiter
0x04CE	0x6F3A      	MOVWF       FARG_UART1_Write_Text_uart_text, 1
0x04D0	0x0E01      	MOVLW       hi_addr(?lstr19_FastWaiter)
0x04D2	0x6F3B      	MOVWF       FARG_UART1_Write_Text_uart_text+1, 1
0x04D4	0xDEFD      	RCALL       _UART1_Write_Text
;FastWaiter.c,159 :: 		}
L_end_EnviarPedido:
0x04D6	0x0012      	RETURN      0
; end of _EnviarPedido
_leitura:
;FastWaiter.c,94 :: 		void leitura ()
;FastWaiter.c,96 :: 		kp = 0;                                // Reset key code variable
0x04D8	0x0101      	MOVLB       1
0x04DA	0x6B28      	CLRF        _kp, 1
;FastWaiter.c,98 :: 		do
L_leitura7:
;FastWaiter.c,100 :: 		kp = Keypad_Key_Click();             // Store key code in kp variable
0x04DC	0xDF13      	RCALL       _Keypad_Key_Click
0x04DE	0xF128C000  	MOVFF       R0, _kp
;FastWaiter.c,101 :: 		while (!kp);
0x04E2	0x5200      	MOVF        R0, 1 
0x04E4	0xE0FB      	BZ          L_leitura7
;FastWaiter.c,103 :: 		switch (kp) {
0x04E6	0xD030      	BRA         L_leitura10
;FastWaiter.c,104 :: 		case  1: kp = 49; break; // 1        // Uncomment this block for keypad4x4
L_leitura12:
0x04E8	0x0E31      	MOVLW       49
0x04EA	0x6F28      	MOVWF       _kp, 1
0x04EC	0xD05D      	BRA         L_leitura11
;FastWaiter.c,105 :: 		case  2: kp = 50; break; // 2
L_leitura13:
0x04EE	0x0E32      	MOVLW       50
0x04F0	0x6F28      	MOVWF       _kp, 1
0x04F2	0xD05A      	BRA         L_leitura11
;FastWaiter.c,106 :: 		case  3: kp = 51; break; // 3
L_leitura14:
0x04F4	0x0E33      	MOVLW       51
0x04F6	0x6F28      	MOVWF       _kp, 1
0x04F8	0xD057      	BRA         L_leitura11
;FastWaiter.c,107 :: 		case  4: kp = 65; break; // A
L_leitura15:
0x04FA	0x0E41      	MOVLW       65
0x04FC	0x6F28      	MOVWF       _kp, 1
0x04FE	0xD054      	BRA         L_leitura11
;FastWaiter.c,108 :: 		case  5: kp = 52; break; // 4
L_leitura16:
0x0500	0x0E34      	MOVLW       52
0x0502	0x6F28      	MOVWF       _kp, 1
0x0504	0xD051      	BRA         L_leitura11
;FastWaiter.c,109 :: 		case  6: kp = 53; break; // 5
L_leitura17:
0x0506	0x0E35      	MOVLW       53
0x0508	0x6F28      	MOVWF       _kp, 1
0x050A	0xD04E      	BRA         L_leitura11
;FastWaiter.c,110 :: 		case  7: kp = 54; break; // 6
L_leitura18:
0x050C	0x0E36      	MOVLW       54
0x050E	0x6F28      	MOVWF       _kp, 1
0x0510	0xD04B      	BRA         L_leitura11
;FastWaiter.c,111 :: 		case  8: kp = 66; break; // B
L_leitura19:
0x0512	0x0E42      	MOVLW       66
0x0514	0x6F28      	MOVWF       _kp, 1
0x0516	0xD048      	BRA         L_leitura11
;FastWaiter.c,112 :: 		case  9: kp = 55; break; // 7
L_leitura20:
0x0518	0x0E37      	MOVLW       55
0x051A	0x6F28      	MOVWF       _kp, 1
0x051C	0xD045      	BRA         L_leitura11
;FastWaiter.c,113 :: 		case 10: kp = 56; break; // 8
L_leitura21:
0x051E	0x0E38      	MOVLW       56
0x0520	0x6F28      	MOVWF       _kp, 1
0x0522	0xD042      	BRA         L_leitura11
;FastWaiter.c,114 :: 		case 11: kp = 57; break; // 9
L_leitura22:
0x0524	0x0E39      	MOVLW       57
0x0526	0x6F28      	MOVWF       _kp, 1
0x0528	0xD03F      	BRA         L_leitura11
;FastWaiter.c,115 :: 		case 12: kp = 67; break; // C
L_leitura23:
0x052A	0x0E43      	MOVLW       67
0x052C	0x6F28      	MOVWF       _kp, 1
0x052E	0xD03C      	BRA         L_leitura11
;FastWaiter.c,116 :: 		case 13: kp = 42; break; // *
L_leitura24:
0x0530	0x0E2A      	MOVLW       42
0x0532	0x6F28      	MOVWF       _kp, 1
0x0534	0xD039      	BRA         L_leitura11
;FastWaiter.c,117 :: 		case 14: kp = 48; break; // 0
L_leitura25:
0x0536	0x0E30      	MOVLW       48
0x0538	0x6F28      	MOVWF       _kp, 1
0x053A	0xD036      	BRA         L_leitura11
;FastWaiter.c,118 :: 		case 15: kp = 35; break; // #
L_leitura26:
0x053C	0x0E23      	MOVLW       35
0x053E	0x6F28      	MOVWF       _kp, 1
0x0540	0xD033      	BRA         L_leitura11
;FastWaiter.c,119 :: 		case 16: kp = 68; break; // D
L_leitura27:
0x0542	0x0E44      	MOVLW       68
0x0544	0x6F28      	MOVWF       _kp, 1
0x0546	0xD030      	BRA         L_leitura11
;FastWaiter.c,120 :: 		}
L_leitura10:
0x0548	0x5128      	MOVF        _kp, 0, 1
0x054A	0x0A01      	XORLW       1
0x054C	0xE0CD      	BZ          L_leitura12
0x054E	0x5128      	MOVF        _kp, 0, 1
0x0550	0x0A02      	XORLW       2
0x0552	0xE0CD      	BZ          L_leitura13
0x0554	0x5128      	MOVF        _kp, 0, 1
0x0556	0x0A03      	XORLW       3
0x0558	0xE0CD      	BZ          L_leitura14
0x055A	0x5128      	MOVF        _kp, 0, 1
0x055C	0x0A04      	XORLW       4
0x055E	0xE0CD      	BZ          L_leitura15
0x0560	0x5128      	MOVF        _kp, 0, 1
0x0562	0x0A05      	XORLW       5
0x0564	0xE0CD      	BZ          L_leitura16
0x0566	0x5128      	MOVF        _kp, 0, 1
0x0568	0x0A06      	XORLW       6
0x056A	0xE0CD      	BZ          L_leitura17
0x056C	0x5128      	MOVF        _kp, 0, 1
0x056E	0x0A07      	XORLW       7
0x0570	0xE0CD      	BZ          L_leitura18
0x0572	0x5128      	MOVF        _kp, 0, 1
0x0574	0x0A08      	XORLW       8
0x0576	0xE0CD      	BZ          L_leitura19
0x0578	0x5128      	MOVF        _kp, 0, 1
0x057A	0x0A09      	XORLW       9
0x057C	0xE0CD      	BZ          L_leitura20
0x057E	0x5128      	MOVF        _kp, 0, 1
0x0580	0x0A0A      	XORLW       10
0x0582	0xE0CD      	BZ          L_leitura21
0x0584	0x5128      	MOVF        _kp, 0, 1
0x0586	0x0A0B      	XORLW       11
0x0588	0xE0CD      	BZ          L_leitura22
0x058A	0x5128      	MOVF        _kp, 0, 1
0x058C	0x0A0C      	XORLW       12
0x058E	0xE0CD      	BZ          L_leitura23
0x0590	0x5128      	MOVF        _kp, 0, 1
0x0592	0x0A0D      	XORLW       13
0x0594	0xE0CD      	BZ          L_leitura24
0x0596	0x5128      	MOVF        _kp, 0, 1
0x0598	0x0A0E      	XORLW       14
0x059A	0xE0CD      	BZ          L_leitura25
0x059C	0x5128      	MOVF        _kp, 0, 1
0x059E	0x0A0F      	XORLW       15
0x05A0	0xE0CD      	BZ          L_leitura26
0x05A2	0x5128      	MOVF        _kp, 0, 1
0x05A4	0x0A10      	XORLW       16
0x05A6	0xE0CD      	BZ          L_leitura27
L_leitura11:
;FastWaiter.c,121 :: 		if (kp != oldstate) {                  // Pressed key differs from previous
0x05A8	0x5128      	MOVF        _kp, 0, 1
0x05AA	0x0100      	MOVLB       0
0x05AC	0x19D9      	XORWF       _oldstate, 0, 1
0x05AE	0xE002      	BZ          L_leitura28
;FastWaiter.c,122 :: 		oldstate = kp;
0x05B0	0xF0D9C128  	MOVFF       _kp, _oldstate
;FastWaiter.c,123 :: 		}
L_leitura28:
;FastWaiter.c,124 :: 		teclaauxiliar();
0x05B4	0xDE1C      	RCALL       _teclaauxiliar
;FastWaiter.c,125 :: 		}
L_end_leitura:
0x05B6	0x0012      	RETURN      0
; end of _leitura
_escrita:
;FastWaiter.c,51 :: 		void escrita ()
;FastWaiter.c,53 :: 		if (kp=='A')
0x05B8	0x0101      	MOVLB       1
0x05BA	0x5128      	MOVF        _kp, 0, 1
0x05BC	0x0A41      	XORLW       65
0x05BE	0xE101      	BNZ         L_escrita0
;FastWaiter.c,54 :: 		{}
0x05C0	0xD003      	BRA         L_escrita1
L_escrita0:
;FastWaiter.c,55 :: 		else {lcd_chr_cp(kp);}
0x05C2	0xF148C128  	MOVFF       _kp, FARG_Lcd_Chr_CP_out_char
0x05C6	0xDD82      	RCALL       _Lcd_Chr_CP
L_escrita1:
;FastWaiter.c,56 :: 		}
L_end_escrita:
0x05C8	0x0012      	RETURN      0
; end of _escrita
_main:
0x05CA	0xF004EC1E  	CALL        2108, 0
;FastWaiter.c,162 :: 		void main()
;FastWaiter.c,164 :: 		rcon=0x80;
0x05CE	0x0E80      	MOVLW       128
0x05D0	0x6ED0      	MOVWF       RCON 
;FastWaiter.c,165 :: 		cmcon=0x0F;
0x05D2	0x0E0F      	MOVLW       15
0x05D4	0x6EB4      	MOVWF       CMCON 
;FastWaiter.c,166 :: 		intcon2=0;
0x05D6	0x6AF1      	CLRF        INTCON2 
;FastWaiter.c,167 :: 		ADCON1 |= 0x0F;   //Define todos pinos AN como digital I/O
0x05D8	0x0E0F      	MOVLW       15
0x05DA	0x12C1      	IORWF       ADCON1, 1 
;FastWaiter.c,168 :: 		PORTD  = 0;
0x05DC	0x6A83      	CLRF        PORTD 
;FastWaiter.c,169 :: 		TRISE  = 0;
0x05DE	0x6A96      	CLRF        TRISE 
;FastWaiter.c,170 :: 		PORTE  = 0;
0x05E0	0x6A84      	CLRF        PORTE 
;FastWaiter.c,171 :: 		Keypad_Init();          // Inicializa o Teclado Matricial
0x05E2	0xDF1C      	RCALL       _Keypad_Init
;FastWaiter.c,174 :: 		UART1_init(9600);  // Inicia o modulo UART com velocidade de 9600bps
0x05E4	0x86B8      	BSF         BAUDCON, 3, 0
0x05E6	0x0E04      	MOVLW       4
0x05E8	0x6EB0      	MOVWF       SPBRGH 
0x05EA	0x0EE1      	MOVLW       225
0x05EC	0x6EAF      	MOVWF       SPBRG 
0x05EE	0x84AC      	BSF         TXSTA, 2, 0
0x05F0	0xDE95      	RCALL       _UART1_Init
;FastWaiter.c,175 :: 		delay_ms(10);  // Espere 10ms para estabilizar
0x05F2	0x0E9C      	MOVLW       156
0x05F4	0x6E0C      	MOVWF       R12, 0
0x05F6	0x0ED7      	MOVLW       215
0x05F8	0x6E0D      	MOVWF       R13, 0
L_main33:
0x05FA	0x2E0D      	DECFSZ      R13, 1, 0
0x05FC	0xD7FE      	BRA         L_main33
0x05FE	0x2E0C      	DECFSZ      R12, 1, 0
0x0600	0xD7FC      	BRA         L_main33
;FastWaiter.c,178 :: 		trisb=0;
0x0602	0x6A93      	CLRF        TRISB 
;FastWaiter.c,179 :: 		portb=0;
0x0604	0x6A81      	CLRF        PORTB 
;FastWaiter.c,180 :: 		Lcd_Init();
0x0606	0xDEB6      	RCALL       _Lcd_Init
;FastWaiter.c,181 :: 		Lcd_Cmd(_Lcd_Cursor_Off);
0x0608	0x0E0C      	MOVLW       12
0x060A	0x6F49      	MOVWF       FARG_Lcd_Cmd_out_char, 1
0x060C	0xDD20      	RCALL       _Lcd_Cmd
;FastWaiter.c,182 :: 		Lcd_Cmd(_LCD_CLEAR);
0x060E	0x0E01      	MOVLW       1
0x0610	0x6F49      	MOVWF       FARG_Lcd_Cmd_out_char, 1
0x0612	0xDD1D      	RCALL       _Lcd_Cmd
;FastWaiter.c,183 :: 		Delay_ms(10);
0x0614	0x0E9C      	MOVLW       156
0x0616	0x6E0C      	MOVWF       R12, 0
0x0618	0x0ED7      	MOVLW       215
0x061A	0x6E0D      	MOVWF       R13, 0
L_main34:
0x061C	0x2E0D      	DECFSZ      R13, 1, 0
0x061E	0xD7FE      	BRA         L_main34
0x0620	0x2E0C      	DECFSZ      R12, 1, 0
0x0622	0xD7FC      	BRA         L_main34
;FastWaiter.c,184 :: 		pedido ();
0x0624	0xDDC9      	RCALL       _pedido
;FastWaiter.c,186 :: 		while (1)
L_main35:
;FastWaiter.c,188 :: 		if (i==0)
0x0626	0x0100      	MOVLB       0
0x0628	0x51B8      	MOVF        _i, 0, 1
0x062A	0x0A00      	XORLW       0
0x062C	0xE102      	BNZ         L_main37
;FastWaiter.c,190 :: 		pedido();
0x062E	0xDDC4      	RCALL       _pedido
;FastWaiter.c,191 :: 		leitura();
0x0630	0xDF53      	RCALL       _leitura
;FastWaiter.c,192 :: 		}
L_main37:
0x0632	0x0101      	MOVLB       1
;FastWaiter.c,193 :: 		if (kp != 0)
0x0634	0x5128      	MOVF        _kp, 0, 1
0x0636	0x0A00      	XORLW       0
0x0638	0xB4D8      	BTFSC       STATUS, 2 
0x063A	0xD074      	BRA         L_main38
;FastWaiter.c,195 :: 		i=1;
0x063C	0x0E01      	MOVLW       1
0x063E	0x0100      	MOVLB       0
0x0640	0x6FB8      	MOVWF       _i, 1
;FastWaiter.c,196 :: 		do {                         // leitura do pedido
L_main39:
;FastWaiter.c,197 :: 		escrita();
0x0642	0xDFBA      	RCALL       _escrita
;FastWaiter.c,198 :: 		pos++;
0x0644	0x0100      	MOVLB       0
0x0646	0x2B7A      	INCF        _pos, 1, 1
;FastWaiter.c,199 :: 		leitura();
0x0648	0xDF47      	RCALL       _leitura
;FastWaiter.c,200 :: 		if (pos == 3)               //
0x064A	0x0100      	MOVLB       0
0x064C	0x517A      	MOVF        _pos, 0, 1
0x064E	0x0A03      	XORLW       3
0x0650	0xE104      	BNZ         L_main42
;FastWaiter.c,202 :: 		do {                       // Maximo 3 digitos
L_main43:
;FastWaiter.c,203 :: 		leitura();                //
0x0652	0xDF42      	RCALL       _leitura
;FastWaiter.c,204 :: 		} while (kp != 'A');       //
0x0654	0x5128      	MOVF        _kp, 0, 1
0x0656	0x0A41      	XORLW       65
0x0658	0xE1FC      	BNZ         L_main43
;FastWaiter.c,205 :: 		}                           //
L_main42:
0x065A	0x0101      	MOVLB       1
;FastWaiter.c,206 :: 		} while( kp != 'A');
0x065C	0x5128      	MOVF        _kp, 0, 1
0x065E	0x0A41      	XORLW       65
0x0660	0xE1F0      	BNZ         L_main39
;FastWaiter.c,208 :: 		num = kp;
0x0662	0xF107C128  	MOVFF       _kp, _num
;FastWaiter.c,210 :: 		lcd_cmd(_lcd_clear);
0x0666	0x0E01      	MOVLW       1
0x0668	0x6F49      	MOVWF       FARG_Lcd_Cmd_out_char, 1
0x066A	0xDCF1      	RCALL       _Lcd_Cmd
;FastWaiter.c,211 :: 		quantidade();
0x066C	0xDEDA      	RCALL       _quantidade
;FastWaiter.c,212 :: 		kp=0;
0x066E	0x6B28      	CLRF        _kp, 1
;FastWaiter.c,213 :: 		pos=0;
0x0670	0x0100      	MOVLB       0
0x0672	0x6B7A      	CLRF        _pos, 1
;FastWaiter.c,214 :: 		delay_ms(10);
0x0674	0x0E9C      	MOVLW       156
0x0676	0x6E0C      	MOVWF       R12, 0
0x0678	0x0ED7      	MOVLW       215
0x067A	0x6E0D      	MOVWF       R13, 0
L_main46:
0x067C	0x2E0D      	DECFSZ      R13, 1, 0
0x067E	0xD7FE      	BRA         L_main46
0x0680	0x2E0C      	DECFSZ      R12, 1, 0
0x0682	0xD7FC      	BRA         L_main46
;FastWaiter.c,216 :: 		do {
L_main47:
;FastWaiter.c,217 :: 		if (kp==0)
0x0684	0x0101      	MOVLB       1
0x0686	0x5128      	MOVF        _kp, 0, 1
0x0688	0x0A00      	XORLW       0
0x068A	0xE104      	BNZ         L_main50
;FastWaiter.c,219 :: 		do {
L_main51:
;FastWaiter.c,220 :: 		leitura();
0x068C	0xDF25      	RCALL       _leitura
;FastWaiter.c,221 :: 		} while (kp == 0);
0x068E	0x5128      	MOVF        _kp, 0, 1
0x0690	0x0A00      	XORLW       0
0x0692	0xE0FC      	BZ          L_main51
;FastWaiter.c,222 :: 		}
L_main50:
;FastWaiter.c,223 :: 		escrita();                   // leitura da quantidade
0x0694	0xDF91      	RCALL       _escrita
;FastWaiter.c,224 :: 		pos++;
0x0696	0x0100      	MOVLB       0
0x0698	0x2B7A      	INCF        _pos, 1, 1
;FastWaiter.c,225 :: 		leitura();
0x069A	0xDF1E      	RCALL       _leitura
;FastWaiter.c,227 :: 		if (pos == 3)                //
0x069C	0x0100      	MOVLB       0
0x069E	0x517A      	MOVF        _pos, 0, 1
0x06A0	0x0A03      	XORLW       3
0x06A2	0xE104      	BNZ         L_main54
;FastWaiter.c,229 :: 		do {                        // Maximo 3 digitos
L_main55:
;FastWaiter.c,230 :: 		leitura();                 //
0x06A4	0xDF19      	RCALL       _leitura
;FastWaiter.c,231 :: 		} while (kp != 'A');        //
0x06A6	0x5128      	MOVF        _kp, 0, 1
0x06A8	0x0A41      	XORLW       65
0x06AA	0xE1FC      	BNZ         L_main55
;FastWaiter.c,232 :: 		}                            //
L_main54:
0x06AC	0x0101      	MOVLB       1
;FastWaiter.c,233 :: 		} while( kp != 'A');
0x06AE	0x5128      	MOVF        _kp, 0, 1
0x06B0	0x0A41      	XORLW       65
0x06B2	0xE1E8      	BNZ         L_main47
;FastWaiter.c,235 :: 		qtd = kp;
0x06B4	0xF11DC128  	MOVFF       _kp, _qtd
;FastWaiter.c,237 :: 		lcd_cmd(_lcd_clear);
0x06B8	0x0E01      	MOVLW       1
0x06BA	0x6F49      	MOVWF       FARG_Lcd_Cmd_out_char, 1
0x06BC	0xDCC8      	RCALL       _Lcd_Cmd
;FastWaiter.c,238 :: 		pos=0;
0x06BE	0x0100      	MOVLB       0
0x06C0	0x6B7A      	CLRF        _pos, 1
;FastWaiter.c,239 :: 		i=0;
0x06C2	0x6BB8      	CLRF        _i, 1
;FastWaiter.c,240 :: 		kp=0;
0x06C4	0x0101      	MOVLB       1
0x06C6	0x6B28      	CLRF        _kp, 1
;FastWaiter.c,242 :: 		EnviarPedido();
0x06C8	0xDEC0      	RCALL       _EnviarPedido
;FastWaiter.c,244 :: 		num = 0;
0x06CA	0x6B07      	CLRF        _num, 1
;FastWaiter.c,245 :: 		qtd = 0;
0x06CC	0x6B1D      	CLRF        _qtd, 1
;FastWaiter.c,247 :: 		lcd_out(1,1, "     Pedido     ");
0x06CE	0x0E01      	MOVLW       1
0x06D0	0x6F43      	MOVWF       FARG_Lcd_Out_row, 1
0x06D2	0x0E01      	MOVLW       1
0x06D4	0x6F44      	MOVWF       FARG_Lcd_Out_column, 1
0x06D6	0x0EDA      	MOVLW       ?lstr20_FastWaiter
0x06D8	0x6F45      	MOVWF       FARG_Lcd_Out_text, 1
0x06DA	0x0E00      	MOVLW       hi_addr(?lstr20_FastWaiter)
0x06DC	0x6F46      	MOVWF       FARG_Lcd_Out_text+1, 1
0x06DE	0xDCFD      	RCALL       _Lcd_Out
;FastWaiter.c,248 :: 		lcd_out(2,1, "    enviado   ");
0x06E0	0x0E02      	MOVLW       2
0x06E2	0x6F43      	MOVWF       FARG_Lcd_Out_row, 1
0x06E4	0x0E01      	MOVLW       1
0x06E6	0x6F44      	MOVWF       FARG_Lcd_Out_column, 1
0x06E8	0x0ECA      	MOVLW       ?lstr21_FastWaiter
0x06EA	0x6F45      	MOVWF       FARG_Lcd_Out_text, 1
0x06EC	0x0E00      	MOVLW       hi_addr(?lstr21_FastWaiter)
0x06EE	0x6F46      	MOVWF       FARG_Lcd_Out_text+1, 1
0x06F0	0xDCF4      	RCALL       _Lcd_Out
;FastWaiter.c,249 :: 		delay_ms(2000);
0x06F2	0x0E7A      	MOVLW       122
0x06F4	0x6E0B      	MOVWF       R11, 0
0x06F6	0x0EC1      	MOVLW       193
0x06F8	0x6E0C      	MOVWF       R12, 0
0x06FA	0x0E81      	MOVLW       129
0x06FC	0x6E0D      	MOVWF       R13, 0
L_main58:
0x06FE	0x2E0D      	DECFSZ      R13, 1, 0
0x0700	0xD7FE      	BRA         L_main58
0x0702	0x2E0C      	DECFSZ      R12, 1, 0
0x0704	0xD7FC      	BRA         L_main58
0x0706	0x2E0B      	DECFSZ      R11, 1, 0
0x0708	0xD7FA      	BRA         L_main58
0x070A	0x0000      	NOP
0x070C	0x0000      	NOP
;FastWaiter.c,250 :: 		lcd_cmd(_lcd_clear);
0x070E	0x0E01      	MOVLW       1
0x0710	0x6F49      	MOVWF       FARG_Lcd_Cmd_out_char, 1
0x0712	0xDC9D      	RCALL       _Lcd_Cmd
;FastWaiter.c,251 :: 		delay_ms(10);
0x0714	0x0E9C      	MOVLW       156
0x0716	0x6E0C      	MOVWF       R12, 0
0x0718	0x0ED7      	MOVLW       215
0x071A	0x6E0D      	MOVWF       R13, 0
L_main59:
0x071C	0x2E0D      	DECFSZ      R13, 1, 0
0x071E	0xD7FE      	BRA         L_main59
0x0720	0x2E0C      	DECFSZ      R12, 1, 0
0x0722	0xD7FC      	BRA         L_main59
;FastWaiter.c,252 :: 		}
L_main38:
;FastWaiter.c,253 :: 		}//while
0x0724	0xD780      	BRA         L_main35
;FastWaiter.c,255 :: 		}
L_end_main:
0x0726	0xD7FF      	BRA         $+0
; end of _main
0x083C	0xF015EE10  	LFSR        1, 21
0x0840	0x0E13      	MOVLW       19
0x0842	0x6E00      	MOVWF       R0 
0x0844	0x0E02      	MOVLW       2
0x0846	0x6E01      	MOVWF       R1 
0x0848	0x0E28      	MOVLW       40
0x084A	0x6EF6      	MOVWF       4086 
0x084C	0x0E07      	MOVLW       7
0x084E	0x6EF7      	MOVWF       TBLPTRH 
0x0850	0x0E00      	MOVLW       0
0x0852	0x6EF8      	MOVWF       TBLPTRU 
0x0854	0xF002EC06  	CALL        1036, 0
0x0858	0x0012      	RETURN      0
;FastWaiter.c,0 :: ?ICS?lstr10_FastWaiter
0x0728	0x6E65 ;?ICS?lstr10_FastWaiter+0
0x072A	0x6F63 ;?ICS?lstr10_FastWaiter+2
0x072C	0x6964 ;?ICS?lstr10_FastWaiter+4
0x072E	0x676E ;?ICS?lstr10_FastWaiter+6
0x0730	0x223D ;?ICS?lstr10_FastWaiter+8
0x0732	0x7475 ;?ICS?lstr10_FastWaiter+10
0x0734	0x2D66 ;?ICS?lstr10_FastWaiter+12
0x0736	0x2238 ;?ICS?lstr10_FastWaiter+14
0x0738	0x3E3F ;?ICS?lstr10_FastWaiter+16
0x073A	0x00 ;?ICS?lstr10_FastWaiter+18
; end of ?ICS?lstr10_FastWaiter
;FastWaiter.c,0 :: ?ICS?lstr11_FastWaiter
0x073B	0x523C ;?ICS?lstr11_FastWaiter+0
0x073D	0x7165 ;?ICS?lstr11_FastWaiter+2
0x073F	0x6575 ;?ICS?lstr11_FastWaiter+4
0x0741	0x7473 ;?ICS?lstr11_FastWaiter+6
0x0743	0x003E ;?ICS?lstr11_FastWaiter+8
; end of ?ICS?lstr11_FastWaiter
;FastWaiter.c,0 :: ?ICS?lstr8_FastWaiter
0x0745	0x2020 ;?ICS?lstr8_FastWaiter+0
0x0747	0x2020 ;?ICS?lstr8_FastWaiter+2
0x0749	0x6E45 ;?ICS?lstr8_FastWaiter+4
0x074B	0x6976 ;?ICS?lstr8_FastWaiter+6
0x074D	0x6461 ;?ICS?lstr8_FastWaiter+8
0x074F	0x2061 ;?ICS?lstr8_FastWaiter+10
0x0751	0x2020 ;?ICS?lstr8_FastWaiter+12
0x0753	0x2020 ;?ICS?lstr8_FastWaiter+14
0x0755	0x00 ;?ICS?lstr8_FastWaiter+16
; end of ?ICS?lstr8_FastWaiter
;FastWaiter.c,0 :: ?ICS?lstr9_FastWaiter
0x0756	0x3F3C ;?ICS?lstr9_FastWaiter+0
0x0758	0x6D78 ;?ICS?lstr9_FastWaiter+2
0x075A	0x206C ;?ICS?lstr9_FastWaiter+4
0x075C	0x6576 ;?ICS?lstr9_FastWaiter+6
0x075E	0x7372 ;?ICS?lstr9_FastWaiter+8
0x0760	0x6F69 ;?ICS?lstr9_FastWaiter+10
0x0762	0x3D6E ;?ICS?lstr9_FastWaiter+12
0x0764	0x3122 ;?ICS?lstr9_FastWaiter+14
0x0766	0x302E ;?ICS?lstr9_FastWaiter+16
0x0768	0x2022 ;?ICS?lstr9_FastWaiter+18
0x076A	0x00 ;?ICS?lstr9_FastWaiter+20
; end of ?ICS?lstr9_FastWaiter
;FastWaiter.c,0 :: ?ICS?lstr14_FastWaiter
0x076B	0x0031 ;?ICS?lstr14_FastWaiter+0
; end of ?ICS?lstr14_FastWaiter
;FastWaiter.c,0 :: ?ICS?lstr15_FastWaiter
0x076D	0x2F3C ;?ICS?lstr15_FastWaiter+0
0x076F	0x6154 ;?ICS?lstr15_FastWaiter+2
0x0771	0x6C62 ;?ICS?lstr15_FastWaiter+4
0x0773	0x4965 ;?ICS?lstr15_FastWaiter+6
0x0775	0x3E44 ;?ICS?lstr15_FastWaiter+8
0x0777	0x00 ;?ICS?lstr15_FastWaiter+10
; end of ?ICS?lstr15_FastWaiter
;FastWaiter.c,0 :: ?ICS?lstr12_FastWaiter
0x0778	0x493C ;?ICS?lstr12_FastWaiter+0
0x077A	0x3E44 ;?ICS?lstr12_FastWaiter+2
0x077C	0x3C30 ;?ICS?lstr12_FastWaiter+4
0x077E	0x492F ;?ICS?lstr12_FastWaiter+6
0x0780	0x3E44 ;?ICS?lstr12_FastWaiter+8
0x0782	0x00 ;?ICS?lstr12_FastWaiter+10
; end of ?ICS?lstr12_FastWaiter
;FastWaiter.c,0 :: ?ICS?lstr13_FastWaiter
0x0783	0x543C ;?ICS?lstr13_FastWaiter+0
0x0785	0x6261 ;?ICS?lstr13_FastWaiter+2
0x0787	0x656C ;?ICS?lstr13_FastWaiter+4
0x0789	0x4449 ;?ICS?lstr13_FastWaiter+6
0x078B	0x003E ;?ICS?lstr13_FastWaiter+8
; end of ?ICS?lstr13_FastWaiter
;FastWaiter.c,0 :: ?ICS_pos
0x078D	0x00 ;?ICS_pos+0
; end of ?ICS_pos
;FastWaiter.c,0 :: ?ICS?lstr1_FastWaiter
0x078E	0x6944 ;?ICS?lstr1_FastWaiter+0
0x0790	0x6967 ;?ICS?lstr1_FastWaiter+2
0x0792	0x6574 ;?ICS?lstr1_FastWaiter+4
0x0794	0x6F20 ;?ICS?lstr1_FastWaiter+6
0x0796	0x4E20 ;?ICS?lstr1_FastWaiter+8
0x0798	0x6D75 ;?ICS?lstr1_FastWaiter+10
0x079A	0x7265 ;?ICS?lstr1_FastWaiter+12
0x079C	0x006F ;?ICS?lstr1_FastWaiter+14
; end of ?ICS?lstr1_FastWaiter
;FastWaiter.c,0 :: ?ICS?lstr2_FastWaiter
0x079E	0x6F44 ;?ICS?lstr2_FastWaiter+0
0x07A0	0x5020 ;?ICS?lstr2_FastWaiter+2
0x07A2	0x6465 ;?ICS?lstr2_FastWaiter+4
0x07A4	0x6469 ;?ICS?lstr2_FastWaiter+6
0x07A6	0x3A6F ;?ICS?lstr2_FastWaiter+8
0x07A8	0x00 ;?ICS?lstr2_FastWaiter+10
; end of ?ICS?lstr2_FastWaiter
;FastWaiter.c,0 :: ?ICS?lstr6_FastWaiter
0x07A9	0x2020 ;?ICS?lstr6_FastWaiter+0
0x07AB	0x2020 ;?ICS?lstr6_FastWaiter+2
0x07AD	0x4720 ;?ICS?lstr6_FastWaiter+4
0x07AF	0x7261 ;?ICS?lstr6_FastWaiter+6
0x07B1	0x6FE7 ;?ICS?lstr6_FastWaiter+8
0x07B3	0x206E ;?ICS?lstr6_FastWaiter+10
0x07B5	0x2020 ;?ICS?lstr6_FastWaiter+12
0x07B7	0x2020 ;?ICS?lstr6_FastWaiter+14
0x07B9	0x00 ;?ICS?lstr6_FastWaiter+16
; end of ?ICS?lstr6_FastWaiter
;FastWaiter.c,0 :: ?ICS?lstr7_FastWaiter
0x07BA	0x2020 ;?ICS?lstr7_FastWaiter+0
0x07BC	0x2020 ;?ICS?lstr7_FastWaiter+2
0x07BE	0x4320 ;?ICS?lstr7_FastWaiter+4
0x07C0	0x6E6F ;?ICS?lstr7_FastWaiter+6
0x07C2	0x6174 ;?ICS?lstr7_FastWaiter+8
0x07C4	0x2020 ;?ICS?lstr7_FastWaiter+10
0x07C6	0x2020 ;?ICS?lstr7_FastWaiter+12
0x07C8	0x2020 ;?ICS?lstr7_FastWaiter+14
0x07CA	0x00 ;?ICS?lstr7_FastWaiter+16
; end of ?ICS?lstr7_FastWaiter
;FastWaiter.c,0 :: ?ICS_i
0x07CB	0x00 ;?ICS_i+0
; end of ?ICS_i
;FastWaiter.c,0 :: ?ICS?lstr5_FastWaiter
0x07CC	0x2020 ;?ICS?lstr5_FastWaiter+0
0x07CE	0x2020 ;?ICS?lstr5_FastWaiter+2
0x07D0	0x6843 ;?ICS?lstr5_FastWaiter+4
0x07D2	0x6D61 ;?ICS?lstr5_FastWaiter+6
0x07D4	0x6E61 ;?ICS?lstr5_FastWaiter+8
0x07D6	0x6F64 ;?ICS?lstr5_FastWaiter+10
0x07D8	0x2020 ;?ICS?lstr5_FastWaiter+12
0x07DA	0x2020 ;?ICS?lstr5_FastWaiter+14
0x07DC	0x00 ;?ICS?lstr5_FastWaiter+16
; end of ?ICS?lstr5_FastWaiter
;FastWaiter.c,0 :: ?ICS?lstr21_FastWaiter
0x07DD	0x2020 ;?ICS?lstr21_FastWaiter+0
0x07DF	0x2020 ;?ICS?lstr21_FastWaiter+2
0x07E1	0x6E65 ;?ICS?lstr21_FastWaiter+4
0x07E3	0x6976 ;?ICS?lstr21_FastWaiter+6
0x07E5	0x6461 ;?ICS?lstr21_FastWaiter+8
0x07E7	0x206F ;?ICS?lstr21_FastWaiter+10
0x07E9	0x2020 ;?ICS?lstr21_FastWaiter+12
0x07EB	0x00 ;?ICS?lstr21_FastWaiter+14
; end of ?ICS?lstr21_FastWaiter
;FastWaiter.c,0 :: ?ICS_oldstate
0x07EC	0x00 ;?ICS_oldstate+0
; end of ?ICS_oldstate
;FastWaiter.c,0 :: ?ICS?lstr20_FastWaiter
0x07ED	0x2020 ;?ICS?lstr20_FastWaiter+0
0x07EF	0x2020 ;?ICS?lstr20_FastWaiter+2
0x07F1	0x5020 ;?ICS?lstr20_FastWaiter+4
0x07F3	0x6465 ;?ICS?lstr20_FastWaiter+6
0x07F5	0x6469 ;?ICS?lstr20_FastWaiter+8
0x07F7	0x206F ;?ICS?lstr20_FastWaiter+10
0x07F9	0x2020 ;?ICS?lstr20_FastWaiter+12
0x07FB	0x2020 ;?ICS?lstr20_FastWaiter+14
0x07FD	0x00 ;?ICS?lstr20_FastWaiter+16
; end of ?ICS?lstr20_FastWaiter
;FastWaiter.c,0 :: ?ICS?lstr17_FastWaiter
0x07FE	0x2F3C ;?ICS?lstr17_FastWaiter+0
0x0800	0x7449 ;?ICS?lstr17_FastWaiter+2
0x0802	0x6D65 ;?ICS?lstr17_FastWaiter+4
0x0804	0x4449 ;?ICS?lstr17_FastWaiter+6
0x0806	0x003E ;?ICS?lstr17_FastWaiter+8
; end of ?ICS?lstr17_FastWaiter
;FastWaiter.c,0 :: ?ICS?lstr18_FastWaiter
0x0808	0x413C ;?ICS?lstr18_FastWaiter+0
0x080A	0x6F6D ;?ICS?lstr18_FastWaiter+2
0x080C	0x6E75 ;?ICS?lstr18_FastWaiter+4
0x080E	0x3E74 ;?ICS?lstr18_FastWaiter+6
0x0810	0x00 ;?ICS?lstr18_FastWaiter+8
; end of ?ICS?lstr18_FastWaiter
;FastWaiter.c,0 :: ?ICS?lstr16_FastWaiter
0x0811	0x493C ;?ICS?lstr16_FastWaiter+0
0x0813	0x6574 ;?ICS?lstr16_FastWaiter+2
0x0815	0x496D ;?ICS?lstr16_FastWaiter+4
0x0817	0x3E44 ;?ICS?lstr16_FastWaiter+6
0x0819	0x00 ;?ICS?lstr16_FastWaiter+8
; end of ?ICS?lstr16_FastWaiter
;FastWaiter.c,0 :: ?ICS_num
0x081A	0x00 ;?ICS_num+0
; end of ?ICS_num
;FastWaiter.c,0 :: ?ICS?lstr3_FastWaiter
0x081B	0x6944 ;?ICS?lstr3_FastWaiter+0
0x081D	0x6967 ;?ICS?lstr3_FastWaiter+2
0x081F	0x6574 ;?ICS?lstr3_FastWaiter+4
0x0821	0x6120 ;?ICS?lstr3_FastWaiter+6
0x0823	0x00 ;?ICS?lstr3_FastWaiter+8
; end of ?ICS?lstr3_FastWaiter
;FastWaiter.c,0 :: ?ICS?lstr4_FastWaiter
0x0824	0x7571 ;?ICS?lstr4_FastWaiter+0
0x0826	0x6E61 ;?ICS?lstr4_FastWaiter+2
0x0828	0x6974 ;?ICS?lstr4_FastWaiter+4
0x082A	0x6164 ;?ICS?lstr4_FastWaiter+6
0x082C	0x6564 ;?ICS?lstr4_FastWaiter+8
0x082E	0x003A ;?ICS?lstr4_FastWaiter+10
; end of ?ICS?lstr4_FastWaiter
;FastWaiter.c,0 :: ?ICS_qtd
0x0830	0x00 ;?ICS_qtd+0
; end of ?ICS_qtd
;FastWaiter.c,0 :: ?ICS?lstr19_FastWaiter
0x0831	0x2F3C ;?ICS?lstr19_FastWaiter+0
0x0833	0x6D41 ;?ICS?lstr19_FastWaiter+2
0x0835	0x756F ;?ICS?lstr19_FastWaiter+4
0x0837	0x746E ;?ICS?lstr19_FastWaiter+6
0x0839	0x003E ;?ICS?lstr19_FastWaiter+8
; end of ?ICS?lstr19_FastWaiter
Symbol List:
//** Routines locations **
//ADDRESS    SIZE    PROCEDURE
//----------------------------------------------
0x001C      [22]    _Delay_5500us
0x0032      [14]    _Delay_50us
0x0040      [14]    _Delay_1us
0x004E     [126]    _Lcd_Cmd
0x00CC      [14]    _Lcd_Chr_CP
0x00DA     [126]    _Lcd_Out
0x0158      [82]    _Keypad_Key_Press
0x01AA      [14]    _Delay_10us
0x01B8      [40]    _pedido
0x01E0      [14]    _UART1_Write
0x01EE     [226]    _teclaauxiliar
0x02D0      [52]    _UART1_Write_Text
0x0304      [24]    _Keypad_Key_Click
0x031C      [88]    _UART1_Init
0x0374     [152]    _Lcd_Init
0x040C      [16]    ___CC2DW
0x041C       [6]    _Keypad_Init
0x0422      [40]    _quantidade
0x044A     [142]    _EnviarPedido
0x04D8     [224]    _leitura
0x05B8      [18]    _escrita
0x05CA     [350]    _main
//** Variables locations ** 
//ADDRESS    SIZE    VARIABLE
//----------------------------------------------
0x0000       [1]    R0
0x0000       [1]    EEPROM_Write_SaveINTCON_L0
0x0000       [1]    __Lib_SoftI2C_PutZerosToLATSda_temp_sda_L0
0x0000       [1]    __Lib_SoftI2C_PutZerosToLATScl_temp_scl_L0
0x0000       [1]    UART1_Init_tmp_L0
0x0000       [1]    FLASH_Erase_64_SaveINTCON_L0
0x0000       [1]    SPI1_Write_tmp_L0
0x0001       [1]    R1
0x0001       [1]    __Lib_TFT_16bit_JPEG_FileRead_i_L0
0x0001       [1]    __Lib_TFT_16bit_JPEG_FileReadBytes_Result_L0
0x0001       [1]    __Lib_PS2_Wait_Falling_nsample_L0
0x0001       [1]    FLASH_Write_32_i_L0
0x0001       [1]    FLASH_Erase_Write_64_i_L0
0x0001       [1]    I2C1_Rd_tmp_L0
0x0001       [1]    UART1_Read___tmp_UART1_Read_L0
0x0001       [2]    FLASH_Read_N_Bytes_i_L0
0x0001       [1]    __Lib_USB_genHID_?FLOC____Lib_USB_genHID_USB_Handle_BusyT1
0x0001       [1]    ispunct_rslt_L0
0x0001       [1]    __Lib_TFT_JPEG_FileRead_i_L0
0x0001       [1]    __Lib_TFT_JPEG_FileReadBytes_Result_L0
0x0002       [2]    memcpy_dd_L0
0x0002       [1]    FLASH_Write_32_SaveINTCON_L0
0x0002       [1]    FLASH_Erase_Write_64_j_L0
0x0002       [1]    __Lib_USB_genHID_USB_CtrlTrf_Rx_Service_byteToRead_L0
0x0002       [2]    memset_pp_L0
0x0002       [2]    memchr_s_L0
0x0002       [2]    strlen_cp_L0
0x0002       [1]    R2
0x0003       [1]    FLASH_Erase_Write_64_SaveINTCON_L0
0x0003       [2]    MM_TotalFreeMemSize_Tot_L0
0x0003       [2]    __Lib_USB_genHID_USB_CtrlTrf_Tx_Service_byteToSend_L0
0x0003       [2]    Ltrim_original_L0
0x0003       [2]    memmove_tt_L0
0x0003       [1]    R3
0x0003       [1]    __Lib_Sprinti_?FLOC____Lib_Sprinti_Do_FillT29
0x0003       [1]    __Lib_USB_genHID_USB_CtrlTrf_Rx_Service_i_L0
0x0003       [1]    MM_Init_i_L0
0x0003       [2]    __Lib_MmcFat16_f16_toInt_l_L0
0x0004       [2]    __Lib_USB_genHID_USB_Transfer_Packet_handle_L0
0x0004       [2]    strncat_cp_L0
0x0004       [1]    __Lib_USB_genHID_GetMaxIndexInDevDsc_index_L0
0x0004       [1]    R4
0x0004       [2]    strncpy_cp_L0
0x0004       [2]    __Lib_USB_genHID_USB_Get_Status_Handler_p_L2
0x0004       [1]    __Lib_Sprinti_?FLOC____Lib_Sprinti_Do_FillT40
0x0004       [2]    memcpy_ss_L0
0x0004       [2]    frexp_pom_L0
0x0004       [2]    __Lib_MemManager_MM_GetMemAlign_P_L0
0x0004       [2]    __Lib_USB_genHID_USB_Std_Feature_Req_Handler_p_L0
0x0004       [2]    strcat_cp_L0
0x0004       [2]    strcpy_cp_L0
0x0005       [2]    __Lib_USB_genHID_USB_Configure_Endpoint_handle_L0
0x0005       [1]    R5
0x0005       [2]    LongIntToHex_input_half_L0
0x0005       [2]    LongWordToHex_input_half_L0
0x0005       [1]    MM_TotalFreeMemSize_i_L0
0x0005       [2]    Ltrim_p_L0
0x0005       [1]    __Lib_Sprinti_?FLOC____Lib_Sprinti_Do_FillT54
0x0005       [2]    memmove_ff_L0
0x0006       [1]    __Lib_Sprinti_?FLOC____Lib_Sprinti_Do_FillT69
0x0006       [1]    R6
0x0006       [1]    __Lib_MemManager_MM_GetMemAlign_i_L0
0x0006       [2]    __Lib_USB_genHID_GetMaxIndexInConfigDsc_totalLen_L0
0x0007       [1]    __Lib_TFT_JPEG_GenerateHuffmanTables_bLength_L0
0x0007       [1]    R7
0x0007       [1]    __Lib_TFT_16bit_JPEG_GenerateHuffmanTables_bLength_L0
0x0008       [1]    R8
0x0008       [1]    __Lib_TFT_JPEG_GenerateHuffmanTables_bTable_L0
0x0008       [3]    __Lib_USB_genHID_GetMaxIndexInConfigDsc_ptr_L0
0x0008       [1]    __Lib_TFT_16bit_JPEG_GenerateHuffmanTables_bTable_L0
0x0009       [1]    R9
0x0009       [4]    __Lib_MmcFat16_f16_toLong_l_L0
0x000A       [1]    R10
0x000B       [1]    R11
0x000C       [1]    R12
0x000D       [1]    R13
0x000E       [1]    R14
0x000F       [1]    R15
0x0010       [1]    R16
0x0011       [1]    R17
0x0012       [1]    R18
0x0013       [1]    R19
0x0014       [1]    R20
0x0015      [19]    ?lstr10_FastWaiter
0x0028      [10]    ?lstr11_FastWaiter
0x0032      [17]    ?lstr8_FastWaiter
0x0043      [21]    ?lstr9_FastWaiter
0x0058       [2]    ?lstr14_FastWaiter
0x005A      [11]    ?lstr15_FastWaiter
0x0065      [11]    ?lstr12_FastWaiter
0x0070      [10]    ?lstr13_FastWaiter
0x007A       [1]    _pos
0x007B      [16]    ?lstr1_FastWaiter
0x008B      [11]    ?lstr2_FastWaiter
0x0096      [17]    ?lstr6_FastWaiter
0x00A7      [17]    ?lstr7_FastWaiter
0x00B8       [1]    _i
0x00B9      [17]    ?lstr5_FastWaiter
0x00CA      [15]    ?lstr21_FastWaiter
0x00D9       [1]    _oldstate
0x00DA      [17]    ?lstr20_FastWaiter
0x00EB      [10]    ?lstr17_FastWaiter
0x00F5       [9]    ?lstr18_FastWaiter
0x00FE       [9]    ?lstr16_FastWaiter
0x0107       [1]    _num
0x0108       [9]    ?lstr3_FastWaiter
0x0111      [12]    ?lstr4_FastWaiter
0x011D       [1]    _qtd
0x011E      [10]    ?lstr19_FastWaiter
0x0128       [1]    _kp
0x0129       [0]    __Lib_Lcd_cmd_status
0x012A       [4]    _UART_Rdy_Ptr
0x012E       [4]    _UART_Tx_Idle_Ptr
0x0132       [4]    _UART_Wr_Ptr
0x0136       [4]    _UART_Rd_Ptr
0x013A       [1]    Keypad_Key_Click_rslt_L0
0x013A       [2]    FARG_UART1_Write_Text_uart_text
0x013C       [1]    UART1_Write_Text_data__L0
0x013D       [1]    UART1_Write_Text_counter_L0
0x013E       [1]    FARG_UART1_Write_data_
0x013E       [1]    Keypad_Key_Press_rslt_L0
0x013F       [1]    Keypad_Key_Press_kdata_L0
0x0140       [1]    Keypad_Key_Press_loc_L0
0x0141       [1]    Keypad_Key_Press_rowcnt_L0
0x0142       [1]    Keypad_Key_Press_shifter_L0
0x0143       [1]    FARG_Lcd_Out_row
0x0144       [1]    FARG_Lcd_Out_column
0x0145       [2]    FARG_Lcd_Out_text
0x0147       [1]    Lcd_Out_i_L0
0x0148       [1]    FARG_Lcd_Chr_CP_out_char
0x0149       [1]    FARG_Lcd_Cmd_out_char
0x0F81       [0]    RB4_bit
0x0F81       [0]    RB5_bit
0x0F81       [0]    LCD_D7
0x0F81       [1]    PORTB
0x0F81       [0]    LCD_EN
0x0F81       [0]    LCD_RS
0x0F81       [0]    LCD_D5
0x0F81       [0]    LCD_D4
0x0F81       [0]    LCD_D6
0x0F81       [0]    RB2_bit
0x0F81       [0]    RB3_bit
0x0F81       [0]    RB7_bit
0x0F81       [0]    RB6_bit
0x0F83       [1]    keypadPort
0x0F83       [1]    PORTD
0x0F84       [1]    PORTE
0x0F93       [0]    LCD_RS_Direction
0x0F93       [0]    LCD_EN_Direction
0x0F93       [0]    TRISB6_bit
0x0F93       [0]    TRISB5_bit
0x0F93       [1]    TRISB
0x0F93       [0]    LCD_D4_Direction
0x0F93       [0]    LCD_D5_Direction
0x0F93       [0]    LCD_D6_Direction
0x0F93       [0]    TRISB7_bit
0x0F93       [0]    LCD_D7_Direction
0x0F93       [0]    TRISB2_bit
0x0F93       [0]    TRISB4_bit
0x0F93       [0]    TRISB3_bit
0x0F94       [0]    TRISC7_bit
0x0F94       [0]    TRISC6_bit
0x0F96       [1]    TRISE
0x0F9E       [1]    PIR1
0x0FAB       [1]    RCSTA
0x0FAC       [1]    TXSTA
0x0FAD       [1]    TXREG
0x0FAE       [1]    RCREG
0x0FAF       [1]    SPBRG
0x0FB0       [1]    SPBRGH
0x0FB4       [1]    CMCON
0x0FB8       [1]    BAUDCON
0x0FC1       [1]    ADCON1
0x0FD0       [1]    RCON
0x0FD8       [1]    STATUS
0x0FD9       [1]    FSR2L
0x0FDA       [1]    FSR2H
0x0FDE       [1]    POSTINC2
0x0FE0       [1]    BSR
0x0FE1       [1]    FSR1L
0x0FE2       [1]    FSR1H
0x0FE4       [1]    PREINC1
0x0FE6       [1]    POSTINC1
0x0FE7       [1]    INDF1
0x0FE8       [1]    WREG
0x0FE9       [1]    FSR0L
0x0FEA       [1]    FSR0H
0x0FEE       [1]    POSTINC0
0x0FF1       [1]    INTCON2
0x0FF3       [1]    PRODL
0x0FF4       [1]    PRODH
0x0FF5       [1]    TABLAT
0x0FF6       [1]    TBLPTRL
0x0FF7       [1]    TBLPTRH
0x0FF8       [1]    TBLPTRU
//** Constants locations ** 
//ADDRESS    SIZE    CONSTANT
//----------------------------------------------
0x0728      [19]    ?ICS?lstr10_FastWaiter
0x073B      [10]    ?ICS?lstr11_FastWaiter
0x0745      [17]    ?ICS?lstr8_FastWaiter
0x0756      [21]    ?ICS?lstr9_FastWaiter
0x076B       [2]    ?ICS?lstr14_FastWaiter
0x076D      [11]    ?ICS?lstr15_FastWaiter
0x0778      [11]    ?ICS?lstr12_FastWaiter
0x0783      [10]    ?ICS?lstr13_FastWaiter
0x078D       [1]    ?ICS_pos
0x078E      [16]    ?ICS?lstr1_FastWaiter
0x079E      [11]    ?ICS?lstr2_FastWaiter
0x07A9      [17]    ?ICS?lstr6_FastWaiter
0x07BA      [17]    ?ICS?lstr7_FastWaiter
0x07CB       [1]    ?ICS_i
0x07CC      [17]    ?ICS?lstr5_FastWaiter
0x07DD      [15]    ?ICS?lstr21_FastWaiter
0x07EC       [1]    ?ICS_oldstate
0x07ED      [17]    ?ICS?lstr20_FastWaiter
0x07FE      [10]    ?ICS?lstr17_FastWaiter
0x0808       [9]    ?ICS?lstr18_FastWaiter
0x0811       [9]    ?ICS?lstr16_FastWaiter
0x081A       [1]    ?ICS_num
0x081B       [9]    ?ICS?lstr3_FastWaiter
0x0824      [12]    ?ICS?lstr4_FastWaiter
0x0830       [1]    ?ICS_qtd
0x0831      [10]    ?ICS?lstr19_FastWaiter
